
*** Running vivado
    with args -log design_1_axi_timer_0_0.vds -m64 -product Vivado -mode batch -messageDb vivado.pb -notrace -source design_1_axi_timer_0_0.tcl


****** Vivado v2017.2 (64-bit)
  **** SW Build 1909853 on Thu Jun 15 18:39:10 MDT 2017
  **** IP Build 1909766 on Thu Jun 15 19:58:00 MDT 2017
    ** Copyright 1986-2017 Xilinx, Inc. All Rights Reserved.

source design_1_axi_timer_0_0.tcl -notrace
Starting RTL Elaboration : Time (s): cpu = 00:00:03 ; elapsed = 00:00:03 . Memory (MB): peak = 1205.570 ; gain = 76.000 ; free physical = 6509 ; free virtual = 35510
INFO: [Synth 8-638] synthesizing module 'design_1_axi_timer_0_0' [/nfs/ug/homes-2/c/chenyueq/ECE532/project_warmup/project_warmup.srcs/sources_1/bd/design_1/ip/design_1_axi_timer_0_0/synth/design_1_axi_timer_0_0.vhd:90]
INFO: [Synth 8-638] synthesizing module 'axi_timer' [/nfs/ug/homes-2/c/chenyueq/ECE532/project_warmup/project_warmup.srcs/sources_1/bd/design_1/ipshared/a004/hdl/axi_timer_v2_0_vh_rfs.vhd:2141]
INFO: [Synth 8-638] synthesizing module 'tc_core' [/nfs/ug/homes-2/c/chenyueq/ECE532/project_warmup/project_warmup.srcs/sources_1/bd/design_1/ipshared/a004/hdl/axi_timer_v2_0_vh_rfs.vhd:1698]
INFO: [Synth 8-638] synthesizing module 'mux_onehot_f' [/nfs/ug/homes-2/c/chenyueq/ECE532/project_warmup/project_warmup.srcs/sources_1/bd/design_1/ipshared/a004/hdl/axi_timer_v2_0_vh_rfs.vhd:365]
INFO: [Synth 8-638] synthesizing module 'MUXCY' [/cad1/Xilinx/Vivado/2017.2/scripts/rt/data/unisim_comp.v:21613]
INFO: [Synth 8-256] done synthesizing module 'MUXCY' (1#1) [/cad1/Xilinx/Vivado/2017.2/scripts/rt/data/unisim_comp.v:21613]
INFO: [Synth 8-256] done synthesizing module 'mux_onehot_f' (2#1) [/nfs/ug/homes-2/c/chenyueq/ECE532/project_warmup/project_warmup.srcs/sources_1/bd/design_1/ipshared/a004/hdl/axi_timer_v2_0_vh_rfs.vhd:365]
INFO: [Synth 8-638] synthesizing module 'count_module' [/nfs/ug/homes-2/c/chenyueq/ECE532/project_warmup/project_warmup.srcs/sources_1/bd/design_1/ipshared/a004/hdl/axi_timer_v2_0_vh_rfs.vhd:1434]
INFO: [Synth 8-638] synthesizing module 'counter_f' [/nfs/ug/homes-2/c/chenyueq/ECE532/project_warmup/project_warmup.srcs/sources_1/bd/design_1/ipshared/a004/hdl/axi_timer_v2_0_vh_rfs.vhd:148]
INFO: [Synth 8-256] done synthesizing module 'counter_f' (3#1) [/nfs/ug/homes-2/c/chenyueq/ECE532/project_warmup/project_warmup.srcs/sources_1/bd/design_1/ipshared/a004/hdl/axi_timer_v2_0_vh_rfs.vhd:148]
INFO: [Synth 8-256] done synthesizing module 'count_module' (4#1) [/nfs/ug/homes-2/c/chenyueq/ECE532/project_warmup/project_warmup.srcs/sources_1/bd/design_1/ipshared/a004/hdl/axi_timer_v2_0_vh_rfs.vhd:1434]
INFO: [Synth 8-638] synthesizing module 'timer_control' [/nfs/ug/homes-2/c/chenyueq/ECE532/project_warmup/project_warmup.srcs/sources_1/bd/design_1/ipshared/a004/hdl/axi_timer_v2_0_vh_rfs.vhd:835]
INFO: [Synth 8-638] synthesizing module 'cdc_sync' [/nfs/ug/homes-2/c/chenyueq/ECE532/project_warmup/project_warmup.srcs/sources_1/bd/design_1/ipshared/52cb/hdl/lib_cdc_v1_0_rfs.vhd:106]
INFO: [Synth 8-256] done synthesizing module 'cdc_sync' (5#1) [/nfs/ug/homes-2/c/chenyueq/ECE532/project_warmup/project_warmup.srcs/sources_1/bd/design_1/ipshared/52cb/hdl/lib_cdc_v1_0_rfs.vhd:106]
INFO: [Synth 8-256] done synthesizing module 'timer_control' (6#1) [/nfs/ug/homes-2/c/chenyueq/ECE532/project_warmup/project_warmup.srcs/sources_1/bd/design_1/ipshared/a004/hdl/axi_timer_v2_0_vh_rfs.vhd:835]
INFO: [Synth 8-256] done synthesizing module 'tc_core' (7#1) [/nfs/ug/homes-2/c/chenyueq/ECE532/project_warmup/project_warmup.srcs/sources_1/bd/design_1/ipshared/a004/hdl/axi_timer_v2_0_vh_rfs.vhd:1698]
INFO: [Synth 8-638] synthesizing module 'axi_lite_ipif' [/nfs/ug/homes-2/c/chenyueq/ECE532/project_warmup/project_warmup.srcs/sources_1/bd/design_1/ipshared/0ba0/hdl/axi_lite_ipif_v3_0_vh_rfs.vhd:2948]
INFO: [Synth 8-638] synthesizing module 'slave_attachment' [/nfs/ug/homes-2/c/chenyueq/ECE532/project_warmup/project_warmup.srcs/sources_1/bd/design_1/ipshared/0ba0/hdl/axi_lite_ipif_v3_0_vh_rfs.vhd:2341]
INFO: [Synth 8-638] synthesizing module 'address_decoder' [/nfs/ug/homes-2/c/chenyueq/ECE532/project_warmup/project_warmup.srcs/sources_1/bd/design_1/ipshared/0ba0/hdl/axi_lite_ipif_v3_0_vh_rfs.vhd:1775]
INFO: [Synth 8-638] synthesizing module 'pselect_f' [/nfs/ug/homes-2/c/chenyueq/ECE532/project_warmup/project_warmup.srcs/sources_1/bd/design_1/ipshared/0ba0/hdl/axi_lite_ipif_v3_0_vh_rfs.vhd:1534]
INFO: [Synth 8-256] done synthesizing module 'pselect_f' (8#1) [/nfs/ug/homes-2/c/chenyueq/ECE532/project_warmup/project_warmup.srcs/sources_1/bd/design_1/ipshared/0ba0/hdl/axi_lite_ipif_v3_0_vh_rfs.vhd:1534]
INFO: [Synth 8-638] synthesizing module 'pselect_f__parameterized0' [/nfs/ug/homes-2/c/chenyueq/ECE532/project_warmup/project_warmup.srcs/sources_1/bd/design_1/ipshared/0ba0/hdl/axi_lite_ipif_v3_0_vh_rfs.vhd:1534]
INFO: [Synth 8-256] done synthesizing module 'pselect_f__parameterized0' (8#1) [/nfs/ug/homes-2/c/chenyueq/ECE532/project_warmup/project_warmup.srcs/sources_1/bd/design_1/ipshared/0ba0/hdl/axi_lite_ipif_v3_0_vh_rfs.vhd:1534]
INFO: [Synth 8-638] synthesizing module 'pselect_f__parameterized1' [/nfs/ug/homes-2/c/chenyueq/ECE532/project_warmup/project_warmup.srcs/sources_1/bd/design_1/ipshared/0ba0/hdl/axi_lite_ipif_v3_0_vh_rfs.vhd:1534]
INFO: [Synth 8-256] done synthesizing module 'pselect_f__parameterized1' (8#1) [/nfs/ug/homes-2/c/chenyueq/ECE532/project_warmup/project_warmup.srcs/sources_1/bd/design_1/ipshared/0ba0/hdl/axi_lite_ipif_v3_0_vh_rfs.vhd:1534]
INFO: [Synth 8-638] synthesizing module 'pselect_f__parameterized2' [/nfs/ug/homes-2/c/chenyueq/ECE532/project_warmup/project_warmup.srcs/sources_1/bd/design_1/ipshared/0ba0/hdl/axi_lite_ipif_v3_0_vh_rfs.vhd:1534]
INFO: [Synth 8-256] done synthesizing module 'pselect_f__parameterized2' (8#1) [/nfs/ug/homes-2/c/chenyueq/ECE532/project_warmup/project_warmup.srcs/sources_1/bd/design_1/ipshared/0ba0/hdl/axi_lite_ipif_v3_0_vh_rfs.vhd:1534]
INFO: [Synth 8-638] synthesizing module 'pselect_f__parameterized3' [/nfs/ug/homes-2/c/chenyueq/ECE532/project_warmup/project_warmup.srcs/sources_1/bd/design_1/ipshared/0ba0/hdl/axi_lite_ipif_v3_0_vh_rfs.vhd:1534]
INFO: [Synth 8-256] done synthesizing module 'pselect_f__parameterized3' (8#1) [/nfs/ug/homes-2/c/chenyueq/ECE532/project_warmup/project_warmup.srcs/sources_1/bd/design_1/ipshared/0ba0/hdl/axi_lite_ipif_v3_0_vh_rfs.vhd:1534]
INFO: [Synth 8-638] synthesizing module 'pselect_f__parameterized4' [/nfs/ug/homes-2/c/chenyueq/ECE532/project_warmup/project_warmup.srcs/sources_1/bd/design_1/ipshared/0ba0/hdl/axi_lite_ipif_v3_0_vh_rfs.vhd:1534]
INFO: [Synth 8-256] done synthesizing module 'pselect_f__parameterized4' (8#1) [/nfs/ug/homes-2/c/chenyueq/ECE532/project_warmup/project_warmup.srcs/sources_1/bd/design_1/ipshared/0ba0/hdl/axi_lite_ipif_v3_0_vh_rfs.vhd:1534]
INFO: [Synth 8-638] synthesizing module 'pselect_f__parameterized5' [/nfs/ug/homes-2/c/chenyueq/ECE532/project_warmup/project_warmup.srcs/sources_1/bd/design_1/ipshared/0ba0/hdl/axi_lite_ipif_v3_0_vh_rfs.vhd:1534]
INFO: [Synth 8-256] done synthesizing module 'pselect_f__parameterized5' (8#1) [/nfs/ug/homes-2/c/chenyueq/ECE532/project_warmup/project_warmup.srcs/sources_1/bd/design_1/ipshared/0ba0/hdl/axi_lite_ipif_v3_0_vh_rfs.vhd:1534]
INFO: [Synth 8-638] synthesizing module 'pselect_f__parameterized6' [/nfs/ug/homes-2/c/chenyueq/ECE532/project_warmup/project_warmup.srcs/sources_1/bd/design_1/ipshared/0ba0/hdl/axi_lite_ipif_v3_0_vh_rfs.vhd:1534]
INFO: [Synth 8-256] done synthesizing module 'pselect_f__parameterized6' (8#1) [/nfs/ug/homes-2/c/chenyueq/ECE532/project_warmup/project_warmup.srcs/sources_1/bd/design_1/ipshared/0ba0/hdl/axi_lite_ipif_v3_0_vh_rfs.vhd:1534]
INFO: [Synth 8-256] done synthesizing module 'address_decoder' (9#1) [/nfs/ug/homes-2/c/chenyueq/ECE532/project_warmup/project_warmup.srcs/sources_1/bd/design_1/ipshared/0ba0/hdl/axi_lite_ipif_v3_0_vh_rfs.vhd:1775]
INFO: [Synth 8-256] done synthesizing module 'slave_attachment' (10#1) [/nfs/ug/homes-2/c/chenyueq/ECE532/project_warmup/project_warmup.srcs/sources_1/bd/design_1/ipshared/0ba0/hdl/axi_lite_ipif_v3_0_vh_rfs.vhd:2341]
INFO: [Synth 8-256] done synthesizing module 'axi_lite_ipif' (11#1) [/nfs/ug/homes-2/c/chenyueq/ECE532/project_warmup/project_warmup.srcs/sources_1/bd/design_1/ipshared/0ba0/hdl/axi_lite_ipif_v3_0_vh_rfs.vhd:2948]
INFO: [Synth 8-256] done synthesizing module 'axi_timer' (12#1) [/nfs/ug/homes-2/c/chenyueq/ECE532/project_warmup/project_warmup.srcs/sources_1/bd/design_1/ipshared/a004/hdl/axi_timer_v2_0_vh_rfs.vhd:2141]
INFO: [Synth 8-256] done synthesizing module 'design_1_axi_timer_0_0' (13#1) [/nfs/ug/homes-2/c/chenyueq/ECE532/project_warmup/project_warmup.srcs/sources_1/bd/design_1/ip/design_1_axi_timer_0_0/synth/design_1_axi_timer_0_0.vhd:90]
Finished RTL Elaboration : Time (s): cpu = 00:00:04 ; elapsed = 00:00:04 . Memory (MB): peak = 1250.070 ; gain = 120.500 ; free physical = 6453 ; free virtual = 35455
Finished RTL Optimization Phase 1 : Time (s): cpu = 00:00:04 ; elapsed = 00:00:05 . Memory (MB): peak = 1250.070 ; gain = 120.500 ; free physical = 6446 ; free virtual = 35448
INFO: [Device 21-403] Loading part xc7a100tcsg324-1
Constraint Validation Runtime : Time (s): cpu = 00:00:00.03 ; elapsed = 00:00:00.04 . Memory (MB): peak = 1654.750 ; gain = 1.000 ; free physical = 5975 ; free virtual = 34977
Finished Constraint Validation : Time (s): cpu = 00:00:11 ; elapsed = 00:00:13 . Memory (MB): peak = 1654.750 ; gain = 525.180 ; free physical = 5805 ; free virtual = 34807
Finished Loading Part and Timing Information : Time (s): cpu = 00:00:11 ; elapsed = 00:00:13 . Memory (MB): peak = 1654.750 ; gain = 525.180 ; free physical = 5805 ; free virtual = 34807
Finished applying 'set_property' XDC Constraints : Time (s): cpu = 00:00:11 ; elapsed = 00:00:13 . Memory (MB): peak = 1654.750 ; gain = 525.180 ; free physical = 5806 ; free virtual = 34808
Finished RTL Optimization Phase 2 : Time (s): cpu = 00:00:12 ; elapsed = 00:00:14 . Memory (MB): peak = 1654.750 ; gain = 525.180 ; free physical = 5771 ; free virtual = 34773
Finished Cross Boundary and Area Optimization : Time (s): cpu = 00:00:13 ; elapsed = 00:00:15 . Memory (MB): peak = 1654.750 ; gain = 525.180 ; free physical = 5777 ; free virtual = 34779
Finished Applying XDC Timing Constraints : Time (s): cpu = 00:00:17 ; elapsed = 00:00:19 . Memory (MB): peak = 1654.750 ; gain = 525.180 ; free physical = 6271 ; free virtual = 35302
Finished Timing Optimization : Time (s): cpu = 00:00:18 ; elapsed = 00:00:20 . Memory (MB): peak = 1654.750 ; gain = 525.180 ; free physical = 6224 ; free virtual = 35233
Finished Technology Mapping : Time (s): cpu = 00:00:18 ; elapsed = 00:00:21 . Memory (MB): peak = 1654.750 ; gain = 525.180 ; free physical = 6220 ; free virtual = 35229
Finished IO Insertion : Time (s): cpu = 00:00:19 ; elapsed = 00:00:21 . Memory (MB): peak = 1654.750 ; gain = 525.180 ; free physical = 6219 ; free virtual = 35228
Finished Renaming Generated Instances : Time (s): cpu = 00:00:19 ; elapsed = 00:00:21 . Memory (MB): peak = 1654.750 ; gain = 525.180 ; free physical = 6219 ; free virtual = 35227
Finished Rebuilding User Hierarchy : Time (s): cpu = 00:00:19 ; elapsed = 00:00:21 . Memory (MB): peak = 1654.750 ; gain = 525.180 ; free physical = 6214 ; free virtual = 35223
Finished Renaming Generated Ports : Time (s): cpu = 00:00:19 ; elapsed = 00:00:21 . Memory (MB): peak = 1654.750 ; gain = 525.180 ; free physical = 6214 ; free virtual = 35222
Finished Handling Custom Attributes : Time (s): cpu = 00:00:19 ; elapsed = 00:00:21 . Memory (MB): peak = 1654.750 ; gain = 525.180 ; free physical = 6212 ; free virtual = 35221
Finished Renaming Generated Nets : Time (s): cpu = 00:00:19 ; elapsed = 00:00:21 . Memory (MB): peak = 1654.750 ; gain = 525.180 ; free physical = 6212 ; free virtual = 35221

Report Cell Usage: 
+------+-------+------+
|      |Cell   |Count |
+------+-------+------+
|1     |CARRY4 |    16|
|2     |LUT1   |     6|
|3     |LUT2   |    82|
|4     |LUT3   |    93|
|5     |LUT4   |    82|
|6     |LUT5   |    25|
|7     |LUT6   |    62|
|8     |MUXCY  |    64|
|9     |MUXF7  |     2|
|10    |FDR    |    12|
|11    |FDRE   |   228|
+------+-------+------+
Finished Writing Synthesis Report : Time (s): cpu = 00:00:19 ; elapsed = 00:00:21 . Memory (MB): peak = 1654.750 ; gain = 525.180 ; free physical = 6212 ; free virtual = 35221
synth_design: Time (s): cpu = 00:00:20 ; elapsed = 00:00:22 . Memory (MB): peak = 1662.758 ; gain = 545.770 ; free physical = 6127 ; free virtual = 35140
