15:44:28 INFO  : Registering command handlers for SDK TCF services
15:44:29 INFO  : Launching XSCT server: xsct.bat -interactive C:\ece532_project\ece532_project.sdk\temp_xsdb_launch_script.tcl
15:44:30 INFO  : XSCT server has started successfully.
15:44:30 INFO  : Successfully done setting XSCT server connection channel  
15:44:33 INFO  : Successfully done setting SDK workspace  
15:44:33 INFO  : Processing command line option -hwspec C:/ece532_project/ece532_project.sdk/design_1_wrapper.hdf.
15:45:15 ERROR : Failed to closesw "C:/ece532_project/ece532_project.sdk/ftps_locator_bsp/system.mss"
Reason: Cannot close sw design 'C:/ece532_project/ece532_project.sdk/ftps_locator_bsp/system.mss'.
Design is not opened in the current session.


15:45:42 INFO  : Connected to target on host '127.0.0.1' and port '3121'.
15:45:47 INFO  : 'targets -set -filter {jtag_cable_name =~ "Digilent Nexys4DDR 210292645861A" && level==0} -index 0' command is executed.
15:45:49 INFO  : FPGA configured successfully with bitstream "C:/ece532_project/ece532_project.sdk/design_1_wrapper_hw_platform_0/download.bit"
15:52:10 INFO  : Processor reset is completed for microblaze_0
15:52:40 INFO  : Connected to target on host '127.0.0.1' and port '3121'.
15:52:40 INFO  : 'targets -set -filter {jtag_cable_name =~ "Digilent Nexys4DDR 210292645861A" && level==0} -index 0' command is executed.
15:52:43 INFO  : FPGA configured successfully with bitstream "C:/ece532_project/ece532_project.sdk/design_1_wrapper_hw_platform_0/download.bit"
15:53:13 INFO  : microblaze_0 Processor is in use. Please stop existing Run or Debug sessions before launching.
15:53:15 INFO  : Processor reset is completed for microblaze_0
15:54:12 INFO  : Connected to target on host '127.0.0.1' and port '3121'.
15:54:41 INFO  : Connected to target on host '127.0.0.1' and port '3121'.
15:55:18 INFO  : Connected to target on host '127.0.0.1' and port '3121'.
15:57:03 ERROR : Unexpected error while parsing XMD response ?: com.google.gson.JsonSyntaxException: com.google.gson.stream.MalformedJsonException: invalid number or unquoted string near 
15:58:22 INFO  : Registering command handlers for SDK TCF services
15:58:22 INFO  : Launching XSCT server: xsct.bat -interactive C:\ece532_project\ece532_project.sdk\temp_xsdb_launch_script.tcl
15:58:25 INFO  : XSCT server has started successfully.
15:58:28 INFO  : Successfully done setting XSCT server connection channel  
15:58:28 INFO  : Processing command line option -hwspec C:/ece532_project/ece532_project.sdk/design_1_wrapper.hdf.
15:58:28 INFO  : Successfully done setting SDK workspace  
15:58:28 INFO  : Checking for hwspec changes in the project design_1_wrapper_hw_platform_0.
15:58:54 INFO  : Registering command handlers for SDK TCF services
15:58:55 INFO  : Launching XSCT server: xsct.bat -interactive C:\ece532_project\ece532_project.sdk\temp_xsdb_launch_script.tcl
15:58:57 INFO  : XSCT server has started successfully.
15:59:00 INFO  : Successfully done setting XSCT server connection channel  
15:59:00 INFO  : Processing command line option -hwspec C:/ece532_project/ece532_project.sdk/design_1_wrapper.hdf.
15:59:00 INFO  : Successfully done setting SDK workspace  
15:59:20 INFO  : Connected to target on host '127.0.0.1' and port '3121'.
15:59:24 INFO  : 'targets -set -filter {jtag_cable_name =~ "Digilent Nexys4DDR 210292645861A" && level==0} -index 0' command is executed.
15:59:26 INFO  : FPGA configured successfully with bitstream "C:/ece532_project/ece532_project.sdk/design_1_wrapper_hw_platform_0/download.bit"
15:59:49 INFO  : Processor reset is completed for microblaze_0
16:00:47 INFO  : Processor reset is completed for microblaze_0
16:02:56 INFO  : Connected to target on host '127.0.0.1' and port '3121'.
16:02:56 INFO  : 'targets -set -filter {jtag_cable_name =~ "Digilent Nexys4DDR 210292645861A" && level==0} -index 0' command is executed.
16:02:58 INFO  : FPGA configured successfully with bitstream "C:/ece532_project/ece532_project.sdk/design_1_wrapper_hw_platform_0/download.bit"
16:03:04 INFO  : Processor reset is completed for microblaze_0
16:04:34 INFO  : microblaze_0 Processor is in use. Please stop existing Run or Debug sessions before launching.
16:04:35 INFO  : Processor reset is completed for microblaze_0
16:04:43 INFO  : microblaze_0 Processor is in use. Please stop existing Run or Debug sessions before launching.
16:04:45 INFO  : Processor reset is completed for microblaze_0
16:05:32 INFO  : Processor reset is completed for microblaze_0
16:05:42 INFO  : No changes in MSS file content so not generating sources.
16:05:57 INFO  : microblaze_0 Processor is in use. Please stop existing Run or Debug sessions before launching.
16:05:58 INFO  : Processor reset is completed for microblaze_0
16:06:24 INFO  : microblaze_0 Processor is in use. Please stop existing Run or Debug sessions before launching.
16:06:25 INFO  : Processor reset is completed for microblaze_0
16:07:35 INFO  : Connected to target on host '127.0.0.1' and port '3121'.
16:07:35 INFO  : 'targets -set -filter {jtag_cable_name =~ "Digilent Nexys4DDR 210292645861A" && level==0} -index 0' command is executed.
16:07:37 INFO  : FPGA configured successfully with bitstream "C:/ece532_project/ece532_project.sdk/design_1_wrapper_hw_platform_0/download.bit"
16:08:25 INFO  : microblaze_0 Processor is in use. Please stop existing Run or Debug sessions before launching.
16:08:27 INFO  : Processor reset is completed for microblaze_0
16:09:18 INFO  : Connected to target on host '127.0.0.1' and port '3121'.
16:09:18 INFO  : 'targets -set -filter {jtag_cable_name =~ "Digilent Nexys4DDR 210292645861A" && level==0} -index 0' command is executed.
16:09:20 INFO  : FPGA configured successfully with bitstream "C:/ece532_project/ece532_project.sdk/design_1_wrapper_hw_platform_0/download.bit"
16:11:20 INFO  : Processor reset is completed for microblaze_0
16:12:13 INFO  : Refreshed build settings on project test
16:13:16 INFO  : Processor reset is completed for microblaze_0
16:13:47 INFO  : microblaze_0 Processor is in use. Please stop existing Run or Debug sessions before launching.
16:13:48 INFO  : Processor reset is completed for microblaze_0
16:17:39 INFO  : microblaze_0 Processor is in use. Please stop existing Run or Debug sessions before launching.
16:17:41 INFO  : Processor reset is completed for microblaze_0
16:19:28 INFO  : microblaze_0 Processor is in use. Please stop existing Run or Debug sessions before launching.
16:19:30 INFO  : Processor reset is completed for microblaze_0
16:21:12 INFO  : microblaze_0 Processor is in use. Please stop existing Run or Debug sessions before launching.
16:21:14 INFO  : Processor reset is completed for microblaze_0
16:23:07 ERROR : Unexpected error while parsing XMD response ?: com.google.gson.JsonSyntaxException: com.google.gson.stream.MalformedJsonException: invalid number or unquoted string near 
