
*** Running vivado
    with args -log design_1_ftps_data_gpio_0_0.vds -m64 -product Vivado -mode batch -messageDb vivado.pb -notrace -source design_1_ftps_data_gpio_0_0.tcl


****** Vivado v2017.2 (64-bit)
  **** SW Build 1909853 on Thu Jun 15 18:39:09 MDT 2017
  **** IP Build 1909766 on Thu Jun 15 19:58:00 MDT 2017
    ** Copyright 1986-2017 Xilinx, Inc. All Rights Reserved.

source design_1_ftps_data_gpio_0_0.tcl -notrace
Command: synth_design -top design_1_ftps_data_gpio_0_0 -part xc7a100tcsg324-1 -mode out_of_context
Starting synth_design
Attempting to get a license for feature 'Synthesis' and/or device 'xc7a100t-csg324'
INFO: [Common 17-349] Got license for feature 'Synthesis' and/or device 'xc7a100t-csg324'
INFO: Launching helper process for spawning children vivado processes
INFO: Helper process launched with PID 5192 
---------------------------------------------------------------------------------
Starting RTL Elaboration : Time (s): cpu = 00:00:04 ; elapsed = 00:00:04 . Memory (MB): peak = 377.902 ; gain = 82.660
---------------------------------------------------------------------------------
INFO: [Synth 8-638] synthesizing module 'design_1_ftps_data_gpio_0_0' [c:/ece532_project/ece532_project.srcs/sources_1/bd/design_1/ip/design_1_ftps_data_gpio_0_0/synth/design_1_ftps_data_gpio_0_0.v:56]
INFO: [Synth 8-638] synthesizing module 'ftps_data_gpio_v1_0' [c:/ece532_project/ece532_project.srcs/sources_1/bd/design_1/ipshared/1778/hdl/ftps_data_gpio_v1_0.v:4]
	Parameter C_AXI_FTPS_GPIO_DATA_WIDTH bound to: 32 - type: integer 
	Parameter C_AXI_FTPS_GPIO_ADDR_WIDTH bound to: 4 - type: integer 
INFO: [Synth 8-638] synthesizing module 'ftps_data_gpio_v1_0_AXI_FTPS_GPIO' [c:/ece532_project/ece532_project.srcs/sources_1/bd/design_1/ipshared/1778/hdl/ftps_data_gpio_v1_0_AXI_FTPS_GPIO.v:4]
	Parameter C_S_AXI_DATA_WIDTH bound to: 32 - type: integer 
	Parameter C_S_AXI_ADDR_WIDTH bound to: 4 - type: integer 
	Parameter ADDR_LSB bound to: 2 - type: integer 
	Parameter OPT_MEM_ADDR_BITS bound to: 1 - type: integer 
INFO: [Synth 8-226] default block is never used [c:/ece532_project/ece532_project.srcs/sources_1/bd/design_1/ipshared/1778/hdl/ftps_data_gpio_v1_0_AXI_FTPS_GPIO.v:341]
WARNING: [Synth 8-6014] Unused sequential element axi_awaddr_reg was removed.  [c:/ece532_project/ece532_project.srcs/sources_1/bd/design_1/ipshared/1778/hdl/ftps_data_gpio_v1_0_AXI_FTPS_GPIO.v:174]
INFO: [Synth 8-256] done synthesizing module 'ftps_data_gpio_v1_0_AXI_FTPS_GPIO' (1#1) [c:/ece532_project/ece532_project.srcs/sources_1/bd/design_1/ipshared/1778/hdl/ftps_data_gpio_v1_0_AXI_FTPS_GPIO.v:4]
WARNING: [Synth 8-3848] Net axi_ftps_gpio_rready in module/entity ftps_data_gpio_v1_0 does not have driver. [c:/ece532_project/ece532_project.srcs/sources_1/bd/design_1/ipshared/1778/hdl/ftps_data_gpio_v1_0.v:74]
INFO: [Synth 8-256] done synthesizing module 'ftps_data_gpio_v1_0' (2#1) [c:/ece532_project/ece532_project.srcs/sources_1/bd/design_1/ipshared/1778/hdl/ftps_data_gpio_v1_0.v:4]
INFO: [Synth 8-256] done synthesizing module 'design_1_ftps_data_gpio_0_0' (3#1) [c:/ece532_project/ece532_project.srcs/sources_1/bd/design_1/ip/design_1_ftps_data_gpio_0_0/synth/design_1_ftps_data_gpio_0_0.v:56]
WARNING: [Synth 8-3331] design ftps_data_gpio_v1_0_AXI_FTPS_GPIO has unconnected port S_AXI_AWADDR[3]
WARNING: [Synth 8-3331] design ftps_data_gpio_v1_0_AXI_FTPS_GPIO has unconnected port S_AXI_AWADDR[2]
WARNING: [Synth 8-3331] design ftps_data_gpio_v1_0_AXI_FTPS_GPIO has unconnected port S_AXI_AWADDR[1]
WARNING: [Synth 8-3331] design ftps_data_gpio_v1_0_AXI_FTPS_GPIO has unconnected port S_AXI_AWADDR[0]
WARNING: [Synth 8-3331] design ftps_data_gpio_v1_0_AXI_FTPS_GPIO has unconnected port S_AXI_AWPROT[2]
WARNING: [Synth 8-3331] design ftps_data_gpio_v1_0_AXI_FTPS_GPIO has unconnected port S_AXI_AWPROT[1]
WARNING: [Synth 8-3331] design ftps_data_gpio_v1_0_AXI_FTPS_GPIO has unconnected port S_AXI_AWPROT[0]
WARNING: [Synth 8-3331] design ftps_data_gpio_v1_0_AXI_FTPS_GPIO has unconnected port S_AXI_WDATA[31]
WARNING: [Synth 8-3331] design ftps_data_gpio_v1_0_AXI_FTPS_GPIO has unconnected port S_AXI_WDATA[30]
WARNING: [Synth 8-3331] design ftps_data_gpio_v1_0_AXI_FTPS_GPIO has unconnected port S_AXI_WDATA[29]
WARNING: [Synth 8-3331] design ftps_data_gpio_v1_0_AXI_FTPS_GPIO has unconnected port S_AXI_WDATA[28]
WARNING: [Synth 8-3331] design ftps_data_gpio_v1_0_AXI_FTPS_GPIO has unconnected port S_AXI_WDATA[27]
WARNING: [Synth 8-3331] design ftps_data_gpio_v1_0_AXI_FTPS_GPIO has unconnected port S_AXI_WDATA[26]
WARNING: [Synth 8-3331] design ftps_data_gpio_v1_0_AXI_FTPS_GPIO has unconnected port S_AXI_WDATA[25]
WARNING: [Synth 8-3331] design ftps_data_gpio_v1_0_AXI_FTPS_GPIO has unconnected port S_AXI_WDATA[24]
WARNING: [Synth 8-3331] design ftps_data_gpio_v1_0_AXI_FTPS_GPIO has unconnected port S_AXI_WDATA[23]
WARNING: [Synth 8-3331] design ftps_data_gpio_v1_0_AXI_FTPS_GPIO has unconnected port S_AXI_WDATA[22]
WARNING: [Synth 8-3331] design ftps_data_gpio_v1_0_AXI_FTPS_GPIO has unconnected port S_AXI_WDATA[21]
WARNING: [Synth 8-3331] design ftps_data_gpio_v1_0_AXI_FTPS_GPIO has unconnected port S_AXI_WDATA[20]
WARNING: [Synth 8-3331] design ftps_data_gpio_v1_0_AXI_FTPS_GPIO has unconnected port S_AXI_WDATA[19]
WARNING: [Synth 8-3331] design ftps_data_gpio_v1_0_AXI_FTPS_GPIO has unconnected port S_AXI_WDATA[18]
WARNING: [Synth 8-3331] design ftps_data_gpio_v1_0_AXI_FTPS_GPIO has unconnected port S_AXI_WDATA[17]
WARNING: [Synth 8-3331] design ftps_data_gpio_v1_0_AXI_FTPS_GPIO has unconnected port S_AXI_WDATA[16]
WARNING: [Synth 8-3331] design ftps_data_gpio_v1_0_AXI_FTPS_GPIO has unconnected port S_AXI_WDATA[15]
WARNING: [Synth 8-3331] design ftps_data_gpio_v1_0_AXI_FTPS_GPIO has unconnected port S_AXI_WDATA[14]
WARNING: [Synth 8-3331] design ftps_data_gpio_v1_0_AXI_FTPS_GPIO has unconnected port S_AXI_WDATA[13]
WARNING: [Synth 8-3331] design ftps_data_gpio_v1_0_AXI_FTPS_GPIO has unconnected port S_AXI_WDATA[12]
WARNING: [Synth 8-3331] design ftps_data_gpio_v1_0_AXI_FTPS_GPIO has unconnected port S_AXI_WDATA[11]
WARNING: [Synth 8-3331] design ftps_data_gpio_v1_0_AXI_FTPS_GPIO has unconnected port S_AXI_WDATA[10]
WARNING: [Synth 8-3331] design ftps_data_gpio_v1_0_AXI_FTPS_GPIO has unconnected port S_AXI_WDATA[9]
WARNING: [Synth 8-3331] design ftps_data_gpio_v1_0_AXI_FTPS_GPIO has unconnected port S_AXI_WDATA[8]
WARNING: [Synth 8-3331] design ftps_data_gpio_v1_0_AXI_FTPS_GPIO has unconnected port S_AXI_WDATA[7]
WARNING: [Synth 8-3331] design ftps_data_gpio_v1_0_AXI_FTPS_GPIO has unconnected port S_AXI_WDATA[6]
WARNING: [Synth 8-3331] design ftps_data_gpio_v1_0_AXI_FTPS_GPIO has unconnected port S_AXI_WDATA[5]
WARNING: [Synth 8-3331] design ftps_data_gpio_v1_0_AXI_FTPS_GPIO has unconnected port S_AXI_WDATA[4]
WARNING: [Synth 8-3331] design ftps_data_gpio_v1_0_AXI_FTPS_GPIO has unconnected port S_AXI_WDATA[3]
WARNING: [Synth 8-3331] design ftps_data_gpio_v1_0_AXI_FTPS_GPIO has unconnected port S_AXI_WDATA[2]
WARNING: [Synth 8-3331] design ftps_data_gpio_v1_0_AXI_FTPS_GPIO has unconnected port S_AXI_WDATA[1]
WARNING: [Synth 8-3331] design ftps_data_gpio_v1_0_AXI_FTPS_GPIO has unconnected port S_AXI_WDATA[0]
WARNING: [Synth 8-3331] design ftps_data_gpio_v1_0_AXI_FTPS_GPIO has unconnected port S_AXI_WSTRB[3]
WARNING: [Synth 8-3331] design ftps_data_gpio_v1_0_AXI_FTPS_GPIO has unconnected port S_AXI_WSTRB[2]
WARNING: [Synth 8-3331] design ftps_data_gpio_v1_0_AXI_FTPS_GPIO has unconnected port S_AXI_WSTRB[1]
WARNING: [Synth 8-3331] design ftps_data_gpio_v1_0_AXI_FTPS_GPIO has unconnected port S_AXI_WSTRB[0]
WARNING: [Synth 8-3331] design ftps_data_gpio_v1_0_AXI_FTPS_GPIO has unconnected port S_AXI_ARPROT[2]
WARNING: [Synth 8-3331] design ftps_data_gpio_v1_0_AXI_FTPS_GPIO has unconnected port S_AXI_ARPROT[1]
WARNING: [Synth 8-3331] design ftps_data_gpio_v1_0_AXI_FTPS_GPIO has unconnected port S_AXI_ARPROT[0]
WARNING: [Synth 8-3331] design ftps_data_gpio_v1_0 has unconnected port axi_ftps_gpio_rread
---------------------------------------------------------------------------------
Finished RTL Elaboration : Time (s): cpu = 00:00:06 ; elapsed = 00:00:05 . Memory (MB): peak = 418.980 ; gain = 123.738
---------------------------------------------------------------------------------

Report Check Netlist: 
+------+------------------+-------+---------+-------+------------------+
|      |Item              |Errors |Warnings |Status |Description       |
+------+------------------+-------+---------+-------+------------------+
|1     |multi_driven_nets |      0|        0|Passed |Multi driven nets |
+------+------------------+-------+---------+-------+------------------+
WARNING: [Synth 8-3295] tying undriven pin ftps_data_gpio_v1_0_AXI_FTPS_GPIO_inst:S_AXI_RREADY to constant 0 [c:/ece532_project/ece532_project.srcs/sources_1/bd/design_1/ipshared/1778/hdl/ftps_data_gpio_v1_0.v:53]
---------------------------------------------------------------------------------
Finished RTL Optimization Phase 1 : Time (s): cpu = 00:00:06 ; elapsed = 00:00:05 . Memory (MB): peak = 418.980 ; gain = 123.738
---------------------------------------------------------------------------------
INFO: [Device 21-403] Loading part xc7a100tcsg324-1
INFO: [Project 1-570] Preparing netlist for logic optimization

Processing XDC Constraints
Initializing timing engine
Completed Processing XDC Constraints

INFO: [Project 1-111] Unisim Transformation Summary:
No Unisim elements were transformed.

Constraint Validation Runtime : Time (s): cpu = 00:00:00 ; elapsed = 00:00:00.027 . Memory (MB): peak = 714.230 ; gain = 0.000
---------------------------------------------------------------------------------
Finished Constraint Validation : Time (s): cpu = 00:00:14 ; elapsed = 00:00:20 . Memory (MB): peak = 714.230 ; gain = 418.988
---------------------------------------------------------------------------------
---------------------------------------------------------------------------------
Start Loading Part and Timing Information
---------------------------------------------------------------------------------
Loading part: xc7a100tcsg324-1
---------------------------------------------------------------------------------
Finished Loading Part and Timing Information : Time (s): cpu = 00:00:14 ; elapsed = 00:00:20 . Memory (MB): peak = 714.230 ; gain = 418.988
---------------------------------------------------------------------------------
---------------------------------------------------------------------------------
Start Applying 'set_property' XDC Constraints
---------------------------------------------------------------------------------
---------------------------------------------------------------------------------
Finished applying 'set_property' XDC Constraints : Time (s): cpu = 00:00:14 ; elapsed = 00:00:20 . Memory (MB): peak = 714.230 ; gain = 418.988
---------------------------------------------------------------------------------
INFO: [Synth 8-4471] merging register 'slv_reg2_reg[31:0]' into 'slv_reg1_reg[31:0]' [c:/ece532_project/ece532_project.srcs/sources_1/bd/design_1/ipshared/1778/hdl/ftps_data_gpio_v1_0_AXI_FTPS_GPIO.v:229]
INFO: [Synth 8-4471] merging register 'slv_reg3_reg[31:0]' into 'slv_reg1_reg[31:0]' [c:/ece532_project/ece532_project.srcs/sources_1/bd/design_1/ipshared/1778/hdl/ftps_data_gpio_v1_0_AXI_FTPS_GPIO.v:230]
WARNING: [Synth 8-6014] Unused sequential element slv_reg2_reg was removed.  [c:/ece532_project/ece532_project.srcs/sources_1/bd/design_1/ipshared/1778/hdl/ftps_data_gpio_v1_0_AXI_FTPS_GPIO.v:229]
WARNING: [Synth 8-6014] Unused sequential element slv_reg3_reg was removed.  [c:/ece532_project/ece532_project.srcs/sources_1/bd/design_1/ipshared/1778/hdl/ftps_data_gpio_v1_0_AXI_FTPS_GPIO.v:230]
---------------------------------------------------------------------------------
Finished RTL Optimization Phase 2 : Time (s): cpu = 00:00:15 ; elapsed = 00:00:20 . Memory (MB): peak = 714.230 ; gain = 418.988
---------------------------------------------------------------------------------

Report RTL Partitions: 
+-+--------------+------------+----------+
| |RTL Partition |Replication |Instances |
+-+--------------+------------+----------+
+-+--------------+------------+----------+
---------------------------------------------------------------------------------
Start RTL Component Statistics 
---------------------------------------------------------------------------------
Detailed RTL Component Info : 
+---Registers : 
	               32 Bit    Registers := 3     
	                4 Bit    Registers := 1     
	                2 Bit    Registers := 2     
	                1 Bit    Registers := 6     
+---Muxes : 
	   2 Input     32 Bit        Muxes := 1     
	   4 Input     32 Bit        Muxes := 1     
	   2 Input      1 Bit        Muxes := 5     
---------------------------------------------------------------------------------
Finished RTL Component Statistics 
---------------------------------------------------------------------------------
---------------------------------------------------------------------------------
Start RTL Hierarchical Component Statistics 
---------------------------------------------------------------------------------
Hierarchical RTL Component report 
Module ftps_data_gpio_v1_0_AXI_FTPS_GPIO 
Detailed RTL Component Info : 
+---Registers : 
	               32 Bit    Registers := 3     
	                4 Bit    Registers := 1     
	                2 Bit    Registers := 2     
	                1 Bit    Registers := 6     
+---Muxes : 
	   2 Input     32 Bit        Muxes := 1     
	   4 Input     32 Bit        Muxes := 1     
	   2 Input      1 Bit        Muxes := 5     
---------------------------------------------------------------------------------
Finished RTL Hierarchical Component Statistics
---------------------------------------------------------------------------------
---------------------------------------------------------------------------------
Start Part Resource Summary
---------------------------------------------------------------------------------
Part Resources:
DSPs: 240 (col length:80)
BRAMs: 270 (col length: RAMB18 80 RAMB36 40)
---------------------------------------------------------------------------------
Finished Part Resource Summary
---------------------------------------------------------------------------------
---------------------------------------------------------------------------------
Start Cross Boundary and Area Optimization
---------------------------------------------------------------------------------
WARNING: [Synth 8-3331] design design_1_ftps_data_gpio_0_0 has unconnected port axi_ftps_gpio_awaddr[3]
WARNING: [Synth 8-3331] design design_1_ftps_data_gpio_0_0 has unconnected port axi_ftps_gpio_awaddr[2]
WARNING: [Synth 8-3331] design design_1_ftps_data_gpio_0_0 has unconnected port axi_ftps_gpio_awaddr[1]
WARNING: [Synth 8-3331] design design_1_ftps_data_gpio_0_0 has unconnected port axi_ftps_gpio_awaddr[0]
WARNING: [Synth 8-3331] design design_1_ftps_data_gpio_0_0 has unconnected port axi_ftps_gpio_awprot[2]
WARNING: [Synth 8-3331] design design_1_ftps_data_gpio_0_0 has unconnected port axi_ftps_gpio_awprot[1]
WARNING: [Synth 8-3331] design design_1_ftps_data_gpio_0_0 has unconnected port axi_ftps_gpio_awprot[0]
WARNING: [Synth 8-3331] design design_1_ftps_data_gpio_0_0 has unconnected port axi_ftps_gpio_wdata[31]
WARNING: [Synth 8-3331] design design_1_ftps_data_gpio_0_0 has unconnected port axi_ftps_gpio_wdata[30]
WARNING: [Synth 8-3331] design design_1_ftps_data_gpio_0_0 has unconnected port axi_ftps_gpio_wdata[29]
WARNING: [Synth 8-3331] design design_1_ftps_data_gpio_0_0 has unconnected port axi_ftps_gpio_wdata[28]
WARNING: [Synth 8-3331] design design_1_ftps_data_gpio_0_0 has unconnected port axi_ftps_gpio_wdata[27]
WARNING: [Synth 8-3331] design design_1_ftps_data_gpio_0_0 has unconnected port axi_ftps_gpio_wdata[26]
WARNING: [Synth 8-3331] design design_1_ftps_data_gpio_0_0 has unconnected port axi_ftps_gpio_wdata[25]
WARNING: [Synth 8-3331] design design_1_ftps_data_gpio_0_0 has unconnected port axi_ftps_gpio_wdata[24]
WARNING: [Synth 8-3331] design design_1_ftps_data_gpio_0_0 has unconnected port axi_ftps_gpio_wdata[23]
WARNING: [Synth 8-3331] design design_1_ftps_data_gpio_0_0 has unconnected port axi_ftps_gpio_wdata[22]
WARNING: [Synth 8-3331] design design_1_ftps_data_gpio_0_0 has unconnected port axi_ftps_gpio_wdata[21]
WARNING: [Synth 8-3331] design design_1_ftps_data_gpio_0_0 has unconnected port axi_ftps_gpio_wdata[20]
WARNING: [Synth 8-3331] design design_1_ftps_data_gpio_0_0 has unconnected port axi_ftps_gpio_wdata[19]
WARNING: [Synth 8-3331] design design_1_ftps_data_gpio_0_0 has unconnected port axi_ftps_gpio_wdata[18]
WARNING: [Synth 8-3331] design design_1_ftps_data_gpio_0_0 has unconnected port axi_ftps_gpio_wdata[17]
WARNING: [Synth 8-3331] design design_1_ftps_data_gpio_0_0 has unconnected port axi_ftps_gpio_wdata[16]
WARNING: [Synth 8-3331] design design_1_ftps_data_gpio_0_0 has unconnected port axi_ftps_gpio_wdata[15]
WARNING: [Synth 8-3331] design design_1_ftps_data_gpio_0_0 has unconnected port axi_ftps_gpio_wdata[14]
WARNING: [Synth 8-3331] design design_1_ftps_data_gpio_0_0 has unconnected port axi_ftps_gpio_wdata[13]
WARNING: [Synth 8-3331] design design_1_ftps_data_gpio_0_0 has unconnected port axi_ftps_gpio_wdata[12]
WARNING: [Synth 8-3331] design design_1_ftps_data_gpio_0_0 has unconnected port axi_ftps_gpio_wdata[11]
WARNING: [Synth 8-3331] design design_1_ftps_data_gpio_0_0 has unconnected port axi_ftps_gpio_wdata[10]
WARNING: [Synth 8-3331] design design_1_ftps_data_gpio_0_0 has unconnected port axi_ftps_gpio_wdata[9]
WARNING: [Synth 8-3331] design design_1_ftps_data_gpio_0_0 has unconnected port axi_ftps_gpio_wdata[8]
WARNING: [Synth 8-3331] design design_1_ftps_data_gpio_0_0 has unconnected port axi_ftps_gpio_wdata[7]
WARNING: [Synth 8-3331] design design_1_ftps_data_gpio_0_0 has unconnected port axi_ftps_gpio_wdata[6]
WARNING: [Synth 8-3331] design design_1_ftps_data_gpio_0_0 has unconnected port axi_ftps_gpio_wdata[5]
WARNING: [Synth 8-3331] design design_1_ftps_data_gpio_0_0 has unconnected port axi_ftps_gpio_wdata[4]
WARNING: [Synth 8-3331] design design_1_ftps_data_gpio_0_0 has unconnected port axi_ftps_gpio_wdata[3]
WARNING: [Synth 8-3331] design design_1_ftps_data_gpio_0_0 has unconnected port axi_ftps_gpio_wdata[2]
WARNING: [Synth 8-3331] design design_1_ftps_data_gpio_0_0 has unconnected port axi_ftps_gpio_wdata[1]
WARNING: [Synth 8-3331] design design_1_ftps_data_gpio_0_0 has unconnected port axi_ftps_gpio_wdata[0]
WARNING: [Synth 8-3331] design design_1_ftps_data_gpio_0_0 has unconnected port axi_ftps_gpio_wstrb[3]
WARNING: [Synth 8-3331] design design_1_ftps_data_gpio_0_0 has unconnected port axi_ftps_gpio_wstrb[2]
WARNING: [Synth 8-3331] design design_1_ftps_data_gpio_0_0 has unconnected port axi_ftps_gpio_wstrb[1]
WARNING: [Synth 8-3331] design design_1_ftps_data_gpio_0_0 has unconnected port axi_ftps_gpio_wstrb[0]
WARNING: [Synth 8-3331] design design_1_ftps_data_gpio_0_0 has unconnected port axi_ftps_gpio_arprot[2]
WARNING: [Synth 8-3331] design design_1_ftps_data_gpio_0_0 has unconnected port axi_ftps_gpio_arprot[1]
WARNING: [Synth 8-3331] design design_1_ftps_data_gpio_0_0 has unconnected port axi_ftps_gpio_arprot[0]
WARNING: [Synth 8-3331] design design_1_ftps_data_gpio_0_0 has unconnected port axi_ftps_gpio_rread
INFO: [Synth 8-3886] merging instance 'inst/ftps_data_gpio_v1_0_AXI_FTPS_GPIO_inst/slv_reg1_reg[0]' (FDRE) to 'inst/ftps_data_gpio_v1_0_AXI_FTPS_GPIO_inst/slv_reg1_reg[1]'
INFO: [Synth 8-3886] merging instance 'inst/ftps_data_gpio_v1_0_AXI_FTPS_GPIO_inst/slv_reg1_reg[1]' (FDRE) to 'inst/ftps_data_gpio_v1_0_AXI_FTPS_GPIO_inst/slv_reg1_reg[2]'
INFO: [Synth 8-3886] merging instance 'inst/ftps_data_gpio_v1_0_AXI_FTPS_GPIO_inst/slv_reg1_reg[2]' (FDRE) to 'inst/ftps_data_gpio_v1_0_AXI_FTPS_GPIO_inst/slv_reg1_reg[3]'
INFO: [Synth 8-3886] merging instance 'inst/ftps_data_gpio_v1_0_AXI_FTPS_GPIO_inst/slv_reg1_reg[3]' (FDRE) to 'inst/ftps_data_gpio_v1_0_AXI_FTPS_GPIO_inst/slv_reg1_reg[4]'
INFO: [Synth 8-3886] merging instance 'inst/ftps_data_gpio_v1_0_AXI_FTPS_GPIO_inst/slv_reg1_reg[4]' (FDRE) to 'inst/ftps_data_gpio_v1_0_AXI_FTPS_GPIO_inst/slv_reg1_reg[5]'
INFO: [Synth 8-3886] merging instance 'inst/ftps_data_gpio_v1_0_AXI_FTPS_GPIO_inst/slv_reg1_reg[5]' (FDRE) to 'inst/ftps_data_gpio_v1_0_AXI_FTPS_GPIO_inst/slv_reg1_reg[6]'
INFO: [Synth 8-3886] merging instance 'inst/ftps_data_gpio_v1_0_AXI_FTPS_GPIO_inst/slv_reg1_reg[6]' (FDRE) to 'inst/ftps_data_gpio_v1_0_AXI_FTPS_GPIO_inst/slv_reg1_reg[7]'
INFO: [Synth 8-3886] merging instance 'inst/ftps_data_gpio_v1_0_AXI_FTPS_GPIO_inst/slv_reg1_reg[7]' (FDRE) to 'inst/ftps_data_gpio_v1_0_AXI_FTPS_GPIO_inst/slv_reg1_reg[8]'
INFO: [Synth 8-3886] merging instance 'inst/ftps_data_gpio_v1_0_AXI_FTPS_GPIO_inst/slv_reg1_reg[8]' (FDRE) to 'inst/ftps_data_gpio_v1_0_AXI_FTPS_GPIO_inst/slv_reg1_reg[9]'
INFO: [Synth 8-3333] propagating constant 0 across sequential element (\inst/ftps_data_gpio_v1_0_AXI_FTPS_GPIO_inst/slv_reg0_reg[9] )
INFO: [Synth 8-3886] merging instance 'inst/ftps_data_gpio_v1_0_AXI_FTPS_GPIO_inst/slv_reg1_reg[9]' (FDRE) to 'inst/ftps_data_gpio_v1_0_AXI_FTPS_GPIO_inst/slv_reg1_reg[10]'
INFO: [Synth 8-3886] merging instance 'inst/ftps_data_gpio_v1_0_AXI_FTPS_GPIO_inst/slv_reg1_reg[10]' (FDRE) to 'inst/ftps_data_gpio_v1_0_AXI_FTPS_GPIO_inst/slv_reg1_reg[11]'
INFO: [Synth 8-3886] merging instance 'inst/ftps_data_gpio_v1_0_AXI_FTPS_GPIO_inst/slv_reg1_reg[11]' (FDRE) to 'inst/ftps_data_gpio_v1_0_AXI_FTPS_GPIO_inst/slv_reg1_reg[12]'
INFO: [Synth 8-3886] merging instance 'inst/ftps_data_gpio_v1_0_AXI_FTPS_GPIO_inst/slv_reg1_reg[12]' (FDRE) to 'inst/ftps_data_gpio_v1_0_AXI_FTPS_GPIO_inst/slv_reg1_reg[13]'
INFO: [Synth 8-3886] merging instance 'inst/ftps_data_gpio_v1_0_AXI_FTPS_GPIO_inst/slv_reg1_reg[13]' (FDRE) to 'inst/ftps_data_gpio_v1_0_AXI_FTPS_GPIO_inst/slv_reg1_reg[14]'
INFO: [Synth 8-3886] merging instance 'inst/ftps_data_gpio_v1_0_AXI_FTPS_GPIO_inst/slv_reg1_reg[14]' (FDRE) to 'inst/ftps_data_gpio_v1_0_AXI_FTPS_GPIO_inst/slv_reg1_reg[15]'
INFO: [Synth 8-3886] merging instance 'inst/ftps_data_gpio_v1_0_AXI_FTPS_GPIO_inst/slv_reg1_reg[15]' (FDRE) to 'inst/ftps_data_gpio_v1_0_AXI_FTPS_GPIO_inst/slv_reg1_reg[16]'
INFO: [Synth 8-3886] merging instance 'inst/ftps_data_gpio_v1_0_AXI_FTPS_GPIO_inst/slv_reg1_reg[16]' (FDRE) to 'inst/ftps_data_gpio_v1_0_AXI_FTPS_GPIO_inst/slv_reg1_reg[17]'
INFO: [Synth 8-3886] merging instance 'inst/ftps_data_gpio_v1_0_AXI_FTPS_GPIO_inst/slv_reg1_reg[17]' (FDRE) to 'inst/ftps_data_gpio_v1_0_AXI_FTPS_GPIO_inst/slv_reg1_reg[18]'
INFO: [Synth 8-3333] propagating constant 0 across sequential element (\inst/ftps_data_gpio_v1_0_AXI_FTPS_GPIO_inst/slv_reg0_reg[18] )
INFO: [Synth 8-3886] merging instance 'inst/ftps_data_gpio_v1_0_AXI_FTPS_GPIO_inst/slv_reg1_reg[18]' (FDRE) to 'inst/ftps_data_gpio_v1_0_AXI_FTPS_GPIO_inst/slv_reg1_reg[19]'
INFO: [Synth 8-3333] propagating constant 0 across sequential element (\inst/ftps_data_gpio_v1_0_AXI_FTPS_GPIO_inst/slv_reg0_reg[19] )
INFO: [Synth 8-3886] merging instance 'inst/ftps_data_gpio_v1_0_AXI_FTPS_GPIO_inst/slv_reg1_reg[19]' (FDRE) to 'inst/ftps_data_gpio_v1_0_AXI_FTPS_GPIO_inst/slv_reg1_reg[20]'
INFO: [Synth 8-3333] propagating constant 0 across sequential element (\inst/ftps_data_gpio_v1_0_AXI_FTPS_GPIO_inst/slv_reg0_reg[20] )
INFO: [Synth 8-3886] merging instance 'inst/ftps_data_gpio_v1_0_AXI_FTPS_GPIO_inst/slv_reg1_reg[20]' (FDRE) to 'inst/ftps_data_gpio_v1_0_AXI_FTPS_GPIO_inst/slv_reg1_reg[21]'
INFO: [Synth 8-3333] propagating constant 0 across sequential element (\inst/ftps_data_gpio_v1_0_AXI_FTPS_GPIO_inst/slv_reg0_reg[21] )
INFO: [Synth 8-3886] merging instance 'inst/ftps_data_gpio_v1_0_AXI_FTPS_GPIO_inst/slv_reg1_reg[21]' (FDRE) to 'inst/ftps_data_gpio_v1_0_AXI_FTPS_GPIO_inst/slv_reg1_reg[22]'
INFO: [Synth 8-3333] propagating constant 0 across sequential element (\inst/ftps_data_gpio_v1_0_AXI_FTPS_GPIO_inst/slv_reg0_reg[22] )
INFO: [Synth 8-3886] merging instance 'inst/ftps_data_gpio_v1_0_AXI_FTPS_GPIO_inst/slv_reg1_reg[22]' (FDRE) to 'inst/ftps_data_gpio_v1_0_AXI_FTPS_GPIO_inst/slv_reg1_reg[23]'
INFO: [Synth 8-3333] propagating constant 0 across sequential element (\inst/ftps_data_gpio_v1_0_AXI_FTPS_GPIO_inst/slv_reg0_reg[23] )
INFO: [Synth 8-3886] merging instance 'inst/ftps_data_gpio_v1_0_AXI_FTPS_GPIO_inst/slv_reg1_reg[23]' (FDRE) to 'inst/ftps_data_gpio_v1_0_AXI_FTPS_GPIO_inst/slv_reg1_reg[24]'
INFO: [Synth 8-3333] propagating constant 0 across sequential element (\inst/ftps_data_gpio_v1_0_AXI_FTPS_GPIO_inst/slv_reg0_reg[24] )
INFO: [Synth 8-3886] merging instance 'inst/ftps_data_gpio_v1_0_AXI_FTPS_GPIO_inst/slv_reg1_reg[24]' (FDRE) to 'inst/ftps_data_gpio_v1_0_AXI_FTPS_GPIO_inst/slv_reg1_reg[25]'
INFO: [Synth 8-3333] propagating constant 0 across sequential element (\inst/ftps_data_gpio_v1_0_AXI_FTPS_GPIO_inst/slv_reg0_reg[25] )
INFO: [Synth 8-3886] merging instance 'inst/ftps_data_gpio_v1_0_AXI_FTPS_GPIO_inst/slv_reg1_reg[25]' (FDRE) to 'inst/ftps_data_gpio_v1_0_AXI_FTPS_GPIO_inst/slv_reg1_reg[26]'
INFO: [Synth 8-3333] propagating constant 0 across sequential element (\inst/ftps_data_gpio_v1_0_AXI_FTPS_GPIO_inst/slv_reg0_reg[26] )
INFO: [Synth 8-3886] merging instance 'inst/ftps_data_gpio_v1_0_AXI_FTPS_GPIO_inst/slv_reg1_reg[26]' (FDRE) to 'inst/ftps_data_gpio_v1_0_AXI_FTPS_GPIO_inst/slv_reg1_reg[27]'
INFO: [Synth 8-3333] propagating constant 0 across sequential element (\inst/ftps_data_gpio_v1_0_AXI_FTPS_GPIO_inst/slv_reg0_reg[27] )
INFO: [Synth 8-3886] merging instance 'inst/ftps_data_gpio_v1_0_AXI_FTPS_GPIO_inst/slv_reg1_reg[27]' (FDRE) to 'inst/ftps_data_gpio_v1_0_AXI_FTPS_GPIO_inst/slv_reg1_reg[28]'
INFO: [Synth 8-3333] propagating constant 0 across sequential element (\inst/ftps_data_gpio_v1_0_AXI_FTPS_GPIO_inst/slv_reg0_reg[28] )
INFO: [Synth 8-3886] merging instance 'inst/ftps_data_gpio_v1_0_AXI_FTPS_GPIO_inst/slv_reg1_reg[28]' (FDRE) to 'inst/ftps_data_gpio_v1_0_AXI_FTPS_GPIO_inst/slv_reg1_reg[29]'
INFO: [Synth 8-3333] propagating constant 0 across sequential element (\inst/ftps_data_gpio_v1_0_AXI_FTPS_GPIO_inst/slv_reg0_reg[29] )
INFO: [Synth 8-3886] merging instance 'inst/ftps_data_gpio_v1_0_AXI_FTPS_GPIO_inst/slv_reg1_reg[29]' (FDRE) to 'inst/ftps_data_gpio_v1_0_AXI_FTPS_GPIO_inst/slv_reg1_reg[30]'
INFO: [Synth 8-3333] propagating constant 0 across sequential element (\inst/ftps_data_gpio_v1_0_AXI_FTPS_GPIO_inst/slv_reg0_reg[30] )
INFO: [Synth 8-3886] merging instance 'inst/ftps_data_gpio_v1_0_AXI_FTPS_GPIO_inst/slv_reg1_reg[30]' (FDRE) to 'inst/ftps_data_gpio_v1_0_AXI_FTPS_GPIO_inst/slv_reg1_reg[31]'
INFO: [Synth 8-3333] propagating constant 0 across sequential element (\inst/ftps_data_gpio_v1_0_AXI_FTPS_GPIO_inst/slv_reg1_reg[31] )
INFO: [Synth 8-3886] merging instance 'inst/ftps_data_gpio_v1_0_AXI_FTPS_GPIO_inst/axi_rresp_reg[0]' (FDRE) to 'inst/ftps_data_gpio_v1_0_AXI_FTPS_GPIO_inst/axi_rresp_reg[1]'
INFO: [Synth 8-3333] propagating constant 0 across sequential element (\inst/ftps_data_gpio_v1_0_AXI_FTPS_GPIO_inst/axi_rresp_reg[1] )
INFO: [Synth 8-3886] merging instance 'inst/ftps_data_gpio_v1_0_AXI_FTPS_GPIO_inst/axi_bresp_reg[0]' (FDRE) to 'inst/ftps_data_gpio_v1_0_AXI_FTPS_GPIO_inst/axi_bresp_reg[1]'
INFO: [Synth 8-3333] propagating constant 0 across sequential element (\inst/ftps_data_gpio_v1_0_AXI_FTPS_GPIO_inst/axi_bresp_reg[1] )
INFO: [Synth 8-3332] Sequential element (inst/ftps_data_gpio_v1_0_AXI_FTPS_GPIO_inst/axi_bresp_reg[1]) is unused and will be removed from module design_1_ftps_data_gpio_0_0.
INFO: [Synth 8-3332] Sequential element (inst/ftps_data_gpio_v1_0_AXI_FTPS_GPIO_inst/axi_araddr_reg[1]) is unused and will be removed from module design_1_ftps_data_gpio_0_0.
INFO: [Synth 8-3332] Sequential element (inst/ftps_data_gpio_v1_0_AXI_FTPS_GPIO_inst/axi_araddr_reg[0]) is unused and will be removed from module design_1_ftps_data_gpio_0_0.
INFO: [Synth 8-3332] Sequential element (inst/ftps_data_gpio_v1_0_AXI_FTPS_GPIO_inst/slv_reg1_reg[31]) is unused and will be removed from module design_1_ftps_data_gpio_0_0.
INFO: [Synth 8-3332] Sequential element (inst/ftps_data_gpio_v1_0_AXI_FTPS_GPIO_inst/slv_reg0_reg[30]) is unused and will be removed from module design_1_ftps_data_gpio_0_0.
INFO: [Synth 8-3332] Sequential element (inst/ftps_data_gpio_v1_0_AXI_FTPS_GPIO_inst/slv_reg0_reg[29]) is unused and will be removed from module design_1_ftps_data_gpio_0_0.
INFO: [Synth 8-3332] Sequential element (inst/ftps_data_gpio_v1_0_AXI_FTPS_GPIO_inst/slv_reg0_reg[28]) is unused and will be removed from module design_1_ftps_data_gpio_0_0.
INFO: [Synth 8-3332] Sequential element (inst/ftps_data_gpio_v1_0_AXI_FTPS_GPIO_inst/slv_reg0_reg[27]) is unused and will be removed from module design_1_ftps_data_gpio_0_0.
INFO: [Synth 8-3332] Sequential element (inst/ftps_data_gpio_v1_0_AXI_FTPS_GPIO_inst/slv_reg0_reg[26]) is unused and will be removed from module design_1_ftps_data_gpio_0_0.
INFO: [Synth 8-3332] Sequential element (inst/ftps_data_gpio_v1_0_AXI_FTPS_GPIO_inst/slv_reg0_reg[25]) is unused and will be removed from module design_1_ftps_data_gpio_0_0.
INFO: [Synth 8-3332] Sequential element (inst/ftps_data_gpio_v1_0_AXI_FTPS_GPIO_inst/slv_reg0_reg[24]) is unused and will be removed from module design_1_ftps_data_gpio_0_0.
INFO: [Synth 8-3332] Sequential element (inst/ftps_data_gpio_v1_0_AXI_FTPS_GPIO_inst/slv_reg0_reg[23]) is unused and will be removed from module design_1_ftps_data_gpio_0_0.
INFO: [Synth 8-3332] Sequential element (inst/ftps_data_gpio_v1_0_AXI_FTPS_GPIO_inst/slv_reg0_reg[22]) is unused and will be removed from module design_1_ftps_data_gpio_0_0.
INFO: [Synth 8-3332] Sequential element (inst/ftps_data_gpio_v1_0_AXI_FTPS_GPIO_inst/slv_reg0_reg[21]) is unused and will be removed from module design_1_ftps_data_gpio_0_0.
INFO: [Synth 8-3332] Sequential element (inst/ftps_data_gpio_v1_0_AXI_FTPS_GPIO_inst/slv_reg0_reg[20]) is unused and will be removed from module design_1_ftps_data_gpio_0_0.
INFO: [Synth 8-3332] Sequential element (inst/ftps_data_gpio_v1_0_AXI_FTPS_GPIO_inst/slv_reg0_reg[19]) is unused and will be removed from module design_1_ftps_data_gpio_0_0.
INFO: [Synth 8-3332] Sequential element (inst/ftps_data_gpio_v1_0_AXI_FTPS_GPIO_inst/slv_reg0_reg[18]) is unused and will be removed from module design_1_ftps_data_gpio_0_0.
INFO: [Synth 8-3332] Sequential element (inst/ftps_data_gpio_v1_0_AXI_FTPS_GPIO_inst/slv_reg0_reg[9]) is unused and will be removed from module design_1_ftps_data_gpio_0_0.
INFO: [Synth 8-3332] Sequential element (inst/ftps_data_gpio_v1_0_AXI_FTPS_GPIO_inst/axi_rdata_reg[30]) is unused and will be removed from module design_1_ftps_data_gpio_0_0.
INFO: [Synth 8-3332] Sequential element (inst/ftps_data_gpio_v1_0_AXI_FTPS_GPIO_inst/axi_rdata_reg[29]) is unused and will be removed from module design_1_ftps_data_gpio_0_0.
INFO: [Synth 8-3332] Sequential element (inst/ftps_data_gpio_v1_0_AXI_FTPS_GPIO_inst/axi_rdata_reg[28]) is unused and will be removed from module design_1_ftps_data_gpio_0_0.
INFO: [Synth 8-3332] Sequential element (inst/ftps_data_gpio_v1_0_AXI_FTPS_GPIO_inst/axi_rdata_reg[27]) is unused and will be removed from module design_1_ftps_data_gpio_0_0.
INFO: [Synth 8-3332] Sequential element (inst/ftps_data_gpio_v1_0_AXI_FTPS_GPIO_inst/axi_rdata_reg[26]) is unused and will be removed from module design_1_ftps_data_gpio_0_0.
INFO: [Synth 8-3332] Sequential element (inst/ftps_data_gpio_v1_0_AXI_FTPS_GPIO_inst/axi_rdata_reg[25]) is unused and will be removed from module design_1_ftps_data_gpio_0_0.
INFO: [Synth 8-3332] Sequential element (inst/ftps_data_gpio_v1_0_AXI_FTPS_GPIO_inst/axi_rdata_reg[24]) is unused and will be removed from module design_1_ftps_data_gpio_0_0.
INFO: [Synth 8-3332] Sequential element (inst/ftps_data_gpio_v1_0_AXI_FTPS_GPIO_inst/axi_rdata_reg[23]) is unused and will be removed from module design_1_ftps_data_gpio_0_0.
INFO: [Synth 8-3332] Sequential element (inst/ftps_data_gpio_v1_0_AXI_FTPS_GPIO_inst/axi_rdata_reg[22]) is unused and will be removed from module design_1_ftps_data_gpio_0_0.
INFO: [Synth 8-3332] Sequential element (inst/ftps_data_gpio_v1_0_AXI_FTPS_GPIO_inst/axi_rdata_reg[21]) is unused and will be removed from module design_1_ftps_data_gpio_0_0.
INFO: [Synth 8-3332] Sequential element (inst/ftps_data_gpio_v1_0_AXI_FTPS_GPIO_inst/axi_rdata_reg[20]) is unused and will be removed from module design_1_ftps_data_gpio_0_0.
INFO: [Synth 8-3332] Sequential element (inst/ftps_data_gpio_v1_0_AXI_FTPS_GPIO_inst/axi_rdata_reg[19]) is unused and will be removed from module design_1_ftps_data_gpio_0_0.
INFO: [Synth 8-3332] Sequential element (inst/ftps_data_gpio_v1_0_AXI_FTPS_GPIO_inst/axi_rdata_reg[18]) is unused and will be removed from module design_1_ftps_data_gpio_0_0.
INFO: [Synth 8-3332] Sequential element (inst/ftps_data_gpio_v1_0_AXI_FTPS_GPIO_inst/axi_rdata_reg[9]) is unused and will be removed from module design_1_ftps_data_gpio_0_0.
INFO: [Synth 8-3332] Sequential element (inst/ftps_data_gpio_v1_0_AXI_FTPS_GPIO_inst/axi_rresp_reg[1]) is unused and will be removed from module design_1_ftps_data_gpio_0_0.
---------------------------------------------------------------------------------
Finished Cross Boundary and Area Optimization : Time (s): cpu = 00:00:15 ; elapsed = 00:00:20 . Memory (MB): peak = 714.230 ; gain = 418.988
---------------------------------------------------------------------------------

Report RTL Partitions: 
+-+--------------+------------+----------+
| |RTL Partition |Replication |Instances |
+-+--------------+------------+----------+
+-+--------------+------------+----------+
---------------------------------------------------------------------------------
Start Applying XDC Timing Constraints
---------------------------------------------------------------------------------
---------------------------------------------------------------------------------
Finished Applying XDC Timing Constraints : Time (s): cpu = 00:00:26 ; elapsed = 00:00:32 . Memory (MB): peak = 714.230 ; gain = 418.988
---------------------------------------------------------------------------------
---------------------------------------------------------------------------------
Start Timing Optimization
---------------------------------------------------------------------------------
---------------------------------------------------------------------------------
Finished Timing Optimization : Time (s): cpu = 00:00:26 ; elapsed = 00:00:32 . Memory (MB): peak = 714.230 ; gain = 418.988
---------------------------------------------------------------------------------

Report RTL Partitions: 
+-+--------------+------------+----------+
| |RTL Partition |Replication |Instances |
+-+--------------+------------+----------+
+-+--------------+------------+----------+
---------------------------------------------------------------------------------
Start Technology Mapping
---------------------------------------------------------------------------------
---------------------------------------------------------------------------------
Finished Technology Mapping : Time (s): cpu = 00:00:26 ; elapsed = 00:00:32 . Memory (MB): peak = 714.230 ; gain = 418.988
---------------------------------------------------------------------------------

Report RTL Partitions: 
+-+--------------+------------+----------+
| |RTL Partition |Replication |Instances |
+-+--------------+------------+----------+
+-+--------------+------------+----------+
---------------------------------------------------------------------------------
Start IO Insertion
---------------------------------------------------------------------------------
---------------------------------------------------------------------------------
Start Flattening Before IO Insertion
---------------------------------------------------------------------------------
---------------------------------------------------------------------------------
Finished Flattening Before IO Insertion
---------------------------------------------------------------------------------
---------------------------------------------------------------------------------
Start Final Netlist Cleanup
---------------------------------------------------------------------------------
---------------------------------------------------------------------------------
Finished Final Netlist Cleanup
---------------------------------------------------------------------------------
---------------------------------------------------------------------------------
Finished IO Insertion : Time (s): cpu = 00:00:27 ; elapsed = 00:00:32 . Memory (MB): peak = 714.230 ; gain = 418.988
---------------------------------------------------------------------------------

Report Check Netlist: 
+------+------------------+-------+---------+-------+------------------+
|      |Item              |Errors |Warnings |Status |Description       |
+------+------------------+-------+---------+-------+------------------+
|1     |multi_driven_nets |      0|        0|Passed |Multi driven nets |
+------+------------------+-------+---------+-------+------------------+
---------------------------------------------------------------------------------
Start Renaming Generated Instances
---------------------------------------------------------------------------------
---------------------------------------------------------------------------------
Finished Renaming Generated Instances : Time (s): cpu = 00:00:27 ; elapsed = 00:00:32 . Memory (MB): peak = 714.230 ; gain = 418.988
---------------------------------------------------------------------------------

Report RTL Partitions: 
+-+--------------+------------+----------+
| |RTL Partition |Replication |Instances |
+-+--------------+------------+----------+
+-+--------------+------------+----------+
---------------------------------------------------------------------------------
Start Rebuilding User Hierarchy
---------------------------------------------------------------------------------
---------------------------------------------------------------------------------
Finished Rebuilding User Hierarchy : Time (s): cpu = 00:00:27 ; elapsed = 00:00:32 . Memory (MB): peak = 714.230 ; gain = 418.988
---------------------------------------------------------------------------------
---------------------------------------------------------------------------------
Start Renaming Generated Ports
---------------------------------------------------------------------------------
---------------------------------------------------------------------------------
Finished Renaming Generated Ports : Time (s): cpu = 00:00:27 ; elapsed = 00:00:32 . Memory (MB): peak = 714.230 ; gain = 418.988
---------------------------------------------------------------------------------
---------------------------------------------------------------------------------
Start Handling Custom Attributes
---------------------------------------------------------------------------------
---------------------------------------------------------------------------------
Finished Handling Custom Attributes : Time (s): cpu = 00:00:27 ; elapsed = 00:00:32 . Memory (MB): peak = 714.230 ; gain = 418.988
---------------------------------------------------------------------------------
---------------------------------------------------------------------------------
Start Renaming Generated Nets
---------------------------------------------------------------------------------
---------------------------------------------------------------------------------
Finished Renaming Generated Nets : Time (s): cpu = 00:00:27 ; elapsed = 00:00:32 . Memory (MB): peak = 714.230 ; gain = 418.988
---------------------------------------------------------------------------------
---------------------------------------------------------------------------------
Start Writing Synthesis Report
---------------------------------------------------------------------------------

Report BlackBoxes: 
+-+--------------+----------+
| |BlackBox name |Instances |
+-+--------------+----------+
+-+--------------+----------+

Report Cell Usage: 
+------+-----+------+
|      |Cell |Count |
+------+-----+------+
|1     |LUT1 |     1|
|2     |LUT2 |     1|
|3     |LUT3 |    19|
|4     |LUT4 |     4|
|5     |LUT6 |     2|
|6     |FDRE |    43|
|7     |FDSE |     1|
+------+-----+------+

Report Instance Areas: 
+------+-------------------------------------------+----------------------------------+------+
|      |Instance                                   |Module                            |Cells |
+------+-------------------------------------------+----------------------------------+------+
|1     |top                                        |                                  |    71|
|2     |  inst                                     |ftps_data_gpio_v1_0               |    71|
|3     |    ftps_data_gpio_v1_0_AXI_FTPS_GPIO_inst |ftps_data_gpio_v1_0_AXI_FTPS_GPIO |    71|
+------+-------------------------------------------+----------------------------------+------+
---------------------------------------------------------------------------------
Finished Writing Synthesis Report : Time (s): cpu = 00:00:27 ; elapsed = 00:00:32 . Memory (MB): peak = 714.230 ; gain = 418.988
---------------------------------------------------------------------------------
Synthesis finished with 0 errors, 0 critical warnings and 49 warnings.
Synthesis Optimization Runtime : Time (s): cpu = 00:00:16 ; elapsed = 00:00:22 . Memory (MB): peak = 714.230 ; gain = 123.738
Synthesis Optimization Complete : Time (s): cpu = 00:00:27 ; elapsed = 00:00:33 . Memory (MB): peak = 714.230 ; gain = 418.988
INFO: [Project 1-571] Translating synthesized netlist
INFO: [Project 1-570] Preparing netlist for logic optimization
INFO: [Opt 31-138] Pushed 0 inverter(s) to 0 load pin(s).
INFO: [Project 1-111] Unisim Transformation Summary:
No Unisim elements were transformed.

100 Infos, 99 Warnings, 0 Critical Warnings and 0 Errors encountered.
synth_design completed successfully
synth_design: Time (s): cpu = 00:00:28 ; elapsed = 00:00:34 . Memory (MB): peak = 714.230 ; gain = 420.613
INFO: [Common 17-1381] The checkpoint 'C:/ece532_project/ece532_project.runs/design_1_ftps_data_gpio_0_0_synth_1/design_1_ftps_data_gpio_0_0.dcp' has been generated.
