Copyright 1986-2017 Xilinx, Inc. All Rights Reserved.
------------------------------------------------------------------------------------
| Tool Version : Vivado v.2017.2 (win64) Build 1909853 Thu Jun 15 18:39:09 MDT 2017
| Date         : Sat Feb 10 16:30:05 2018
| Host         : SFB520WS02 running 64-bit Service Pack 1  (build 7601)
| Command      : upgrade_ip
| Device       : xc7a100tcsg324-1
------------------------------------------------------------------------------------

Upgrade Log for IP 'design_1_video_in_0_0'

1. Summary
----------

CAUTION (success, with warnings) in the upgrade of design_1_video_in_0_0 (utoronto.ca:user:video_in:1.0) from (Rev. 2) to (Rev. 3)

After upgrade, an IP may have parameter and port differences compared to the original customization. Please review the parameters within the IP customization GUI to ensure proper functionality. Also, please review the updated IP instantiation template to ensure proper connectivity, and update your design if required.

2. Connection Warnings
----------------------

Detected external port differences while upgrading 'design_1_video_in_0_0'. These changes may impact your design.


-Upgrade has added port 'resend'







Copyright 1986-2017 Xilinx, Inc. All Rights Reserved.
------------------------------------------------------------------------------------
| Tool Version : Vivado v.2017.2 (win64) Build 1909853 Thu Jun 15 18:39:09 MDT 2017
| Date         : Sat Feb 10 14:47:42 2018
| Host         : SFB520WS02 running 64-bit Service Pack 1  (build 7601)
| Command      : upgrade_ip
| Device       : xc7a100tcsg324-1
------------------------------------------------------------------------------------

Upgrade Log for IP 'design_1_video_cam_0_1'

1. Summary
----------

SUCCESS in the upgrade of design_1_video_cam_0_1 (utoronto.ca:user:video_cam:1.0) from (Rev. 3) to (Rev. 4)






Copyright 1986-2017 Xilinx, Inc. All Rights Reserved.
------------------------------------------------------------------------------------
| Tool Version : Vivado v.2017.2 (win64) Build 1909853 Thu Jun 15 18:39:09 MDT 2017
| Date         : Sat Feb 10 11:25:14 2018
| Host         : SFB520WS02 running 64-bit Service Pack 1  (build 7601)
| Command      : upgrade_ip
| Device       : xc7a100tcsg324-1
------------------------------------------------------------------------------------

Upgrade Log for IP 'design_1_video_cam_in_0_0'

1. Summary
----------

SUCCESS in the upgrade of design_1_video_cam_in_0_0 (utoronto.ca:user:video_cam_in:1.0) from (Rev. 4) to (Rev. 5)

