
*** Running vivado
    with args -log design_1_frame_average_buffer_0_0.vds -m64 -product Vivado -mode batch -messageDb vivado.pb -notrace -source design_1_frame_average_buffer_0_0.tcl


****** Vivado v2017.2 (64-bit)
  **** SW Build 1909853 on Thu Jun 15 18:39:09 MDT 2017
  **** IP Build 1909766 on Thu Jun 15 19:58:00 MDT 2017
    ** Copyright 1986-2017 Xilinx, Inc. All Rights Reserved.

source design_1_frame_average_buffer_0_0.tcl -notrace
Command: synth_design -top design_1_frame_average_buffer_0_0 -part xc7a100tcsg324-1 -mode out_of_context
Starting synth_design
Attempting to get a license for feature 'Synthesis' and/or device 'xc7a100t-csg324'
INFO: [Common 17-349] Got license for feature 'Synthesis' and/or device 'xc7a100t-csg324'
INFO: Launching helper process for spawning children vivado processes
INFO: Helper process launched with PID 3816 
---------------------------------------------------------------------------------
Starting RTL Elaboration : Time (s): cpu = 00:00:04 ; elapsed = 00:00:05 . Memory (MB): peak = 379.395 ; gain = 83.066
---------------------------------------------------------------------------------
INFO: [Synth 8-638] synthesizing module 'design_1_frame_average_buffer_0_0' [c:/Users/lingujia/ece532_project/ece532_project.srcs/sources_1/bd/design_1/ip/design_1_frame_average_buffer_0_0/synth/design_1_frame_average_buffer_0_0.v:56]
INFO: [Synth 8-638] synthesizing module 'frame_average_buffer' [c:/Users/lingujia/ece532_project/ece532_project.srcs/sources_1/bd/design_1/ipshared/3fd1/imports/new/frame_average_buffer.v:23]
	Parameter WHITE_TH bound to: 8'b10000000 
	Parameter AVG_TH bound to: 3'b000 
INFO: [Synth 8-638] synthesizing module 'frame_average' [c:/Users/lingujia/ece532_project/ece532_project.srcs/sources_1/bd/design_1/ipshared/3fd1/imports/video_cam/frame_average.v:23]
	Parameter WHITE_TH bound to: 8'b10000000 
	Parameter AVG_TH bound to: 3'b000 
INFO: [Synth 8-256] done synthesizing module 'frame_average' (1#1) [c:/Users/lingujia/ece532_project/ece532_project.srcs/sources_1/bd/design_1/ipshared/3fd1/imports/video_cam/frame_average.v:23]
INFO: [Synth 8-638] synthesizing module 'blk_mem_average_buffer' [c:/Users/lingujia/ece532_project/ece532_project.srcs/sources_1/bd/design_1/ip/design_1_frame_average_buffer_0_0/ip/blk_mem_average_buffer/synth/blk_mem_average_buffer.vhd:71]
	Parameter C_FAMILY bound to: artix7 - type: string 
	Parameter C_XDEVICEFAMILY bound to: artix7 - type: string 
	Parameter C_ELABORATION_DIR bound to: ./ - type: string 
	Parameter C_INTERFACE_TYPE bound to: 0 - type: integer 
	Parameter C_AXI_TYPE bound to: 1 - type: integer 
	Parameter C_AXI_SLAVE_TYPE bound to: 0 - type: integer 
	Parameter C_USE_BRAM_BLOCK bound to: 0 - type: integer 
	Parameter C_ENABLE_32BIT_ADDRESS bound to: 0 - type: integer 
	Parameter C_CTRL_ECC_ALGO bound to: NONE - type: string 
	Parameter C_HAS_AXI_ID bound to: 0 - type: integer 
	Parameter C_AXI_ID_WIDTH bound to: 4 - type: integer 
	Parameter C_MEM_TYPE bound to: 1 - type: integer 
	Parameter C_BYTE_SIZE bound to: 9 - type: integer 
	Parameter C_ALGORITHM bound to: 1 - type: integer 
	Parameter C_PRIM_TYPE bound to: 1 - type: integer 
	Parameter C_LOAD_INIT_FILE bound to: 0 - type: integer 
	Parameter C_INIT_FILE_NAME bound to: no_coe_file_loaded - type: string 
	Parameter C_INIT_FILE bound to: blk_mem_average_buffer.mem - type: string 
	Parameter C_USE_DEFAULT_DATA bound to: 0 - type: integer 
	Parameter C_DEFAULT_DATA bound to: 0 - type: string 
	Parameter C_HAS_RSTA bound to: 0 - type: integer 
	Parameter C_RST_PRIORITY_A bound to: CE - type: string 
	Parameter C_RSTRAM_A bound to: 0 - type: integer 
	Parameter C_INITA_VAL bound to: 0 - type: string 
	Parameter C_HAS_ENA bound to: 0 - type: integer 
	Parameter C_HAS_REGCEA bound to: 0 - type: integer 
	Parameter C_USE_BYTE_WEA bound to: 0 - type: integer 
	Parameter C_WEA_WIDTH bound to: 1 - type: integer 
	Parameter C_WRITE_MODE_A bound to: NO_CHANGE - type: string 
	Parameter C_WRITE_WIDTH_A bound to: 3 - type: integer 
	Parameter C_READ_WIDTH_A bound to: 3 - type: integer 
	Parameter C_WRITE_DEPTH_A bound to: 76800 - type: integer 
	Parameter C_READ_DEPTH_A bound to: 76800 - type: integer 
	Parameter C_ADDRA_WIDTH bound to: 17 - type: integer 
	Parameter C_HAS_RSTB bound to: 0 - type: integer 
	Parameter C_RST_PRIORITY_B bound to: CE - type: string 
	Parameter C_RSTRAM_B bound to: 0 - type: integer 
	Parameter C_INITB_VAL bound to: 0 - type: string 
	Parameter C_HAS_ENB bound to: 0 - type: integer 
	Parameter C_HAS_REGCEB bound to: 0 - type: integer 
	Parameter C_USE_BYTE_WEB bound to: 0 - type: integer 
	Parameter C_WEB_WIDTH bound to: 1 - type: integer 
	Parameter C_WRITE_MODE_B bound to: WRITE_FIRST - type: string 
	Parameter C_WRITE_WIDTH_B bound to: 3 - type: integer 
	Parameter C_READ_WIDTH_B bound to: 3 - type: integer 
	Parameter C_WRITE_DEPTH_B bound to: 76800 - type: integer 
	Parameter C_READ_DEPTH_B bound to: 76800 - type: integer 
	Parameter C_ADDRB_WIDTH bound to: 17 - type: integer 
	Parameter C_HAS_MEM_OUTPUT_REGS_A bound to: 0 - type: integer 
	Parameter C_HAS_MEM_OUTPUT_REGS_B bound to: 1 - type: integer 
	Parameter C_HAS_MUX_OUTPUT_REGS_A bound to: 0 - type: integer 
	Parameter C_HAS_MUX_OUTPUT_REGS_B bound to: 0 - type: integer 
	Parameter C_MUX_PIPELINE_STAGES bound to: 0 - type: integer 
	Parameter C_HAS_SOFTECC_INPUT_REGS_A bound to: 0 - type: integer 
	Parameter C_HAS_SOFTECC_OUTPUT_REGS_B bound to: 0 - type: integer 
	Parameter C_USE_SOFTECC bound to: 0 - type: integer 
	Parameter C_USE_ECC bound to: 0 - type: integer 
	Parameter C_EN_ECC_PIPE bound to: 0 - type: integer 
	Parameter C_HAS_INJECTERR bound to: 0 - type: integer 
	Parameter C_SIM_COLLISION_CHECK bound to: ALL - type: string 
	Parameter C_COMMON_CLK bound to: 0 - type: integer 
	Parameter C_DISABLE_WARN_BHV_COLL bound to: 0 - type: integer 
	Parameter C_EN_SLEEP_PIN bound to: 0 - type: integer 
	Parameter C_USE_URAM bound to: 0 - type: integer 
	Parameter C_EN_RDADDRA_CHG bound to: 0 - type: integer 
	Parameter C_EN_RDADDRB_CHG bound to: 0 - type: integer 
	Parameter C_EN_DEEPSLEEP_PIN bound to: 0 - type: integer 
	Parameter C_EN_SHUTDOWN_PIN bound to: 0 - type: integer 
	Parameter C_EN_SAFETY_CKT bound to: 0 - type: integer 
	Parameter C_DISABLE_WARN_BHV_RANGE bound to: 0 - type: integer 
	Parameter C_COUNT_36K_BRAM bound to: 7 - type: string 
	Parameter C_COUNT_18K_BRAM bound to: 1 - type: string 
	Parameter C_EST_POWER_SUMMARY bound to: Estimated Power for IP     :     11.629255 mW - type: string 
INFO: [Synth 8-3491] module 'blk_mem_gen_v8_3_6' declared at 'c:/Users/lingujia/ece532_project/ece532_project.srcs/sources_1/bd/design_1/ip/design_1_frame_average_buffer_0_0/ip/blk_mem_average_buffer/hdl/blk_mem_gen_v8_3_vhsyn_rfs.vhd:195260' bound to instance 'U0' of component 'blk_mem_gen_v8_3_6' [c:/Users/lingujia/ece532_project/ece532_project.srcs/sources_1/bd/design_1/ip/design_1_frame_average_buffer_0_0/ip/blk_mem_average_buffer/synth/blk_mem_average_buffer.vhd:234]
WARNING: [Synth 8-6014] Unused sequential element i_reg was removed. 
WARNING: [Synth 8-6014] Unused sequential element i_reg was removed. 
INFO: [Synth 8-256] done synthesizing module 'blk_mem_average_buffer' (12#1) [c:/Users/lingujia/ece532_project/ece532_project.srcs/sources_1/bd/design_1/ip/design_1_frame_average_buffer_0_0/ip/blk_mem_average_buffer/synth/blk_mem_average_buffer.vhd:71]
INFO: [Synth 8-638] synthesizing module 'blk_mem_average_buffer_single' [c:/Users/lingujia/ece532_project/ece532_project.srcs/sources_1/bd/design_1/ip/design_1_frame_average_buffer_0_0/ip/blk_mem_average_buffer_single/synth/blk_mem_average_buffer_single.vhd:71]
	Parameter C_FAMILY bound to: artix7 - type: string 
	Parameter C_XDEVICEFAMILY bound to: artix7 - type: string 
	Parameter C_ELABORATION_DIR bound to: ./ - type: string 
	Parameter C_INTERFACE_TYPE bound to: 0 - type: integer 
	Parameter C_AXI_TYPE bound to: 1 - type: integer 
	Parameter C_AXI_SLAVE_TYPE bound to: 0 - type: integer 
	Parameter C_USE_BRAM_BLOCK bound to: 0 - type: integer 
	Parameter C_ENABLE_32BIT_ADDRESS bound to: 0 - type: integer 
	Parameter C_CTRL_ECC_ALGO bound to: NONE - type: string 
	Parameter C_HAS_AXI_ID bound to: 0 - type: integer 
	Parameter C_AXI_ID_WIDTH bound to: 4 - type: integer 
	Parameter C_MEM_TYPE bound to: 1 - type: integer 
	Parameter C_BYTE_SIZE bound to: 9 - type: integer 
	Parameter C_ALGORITHM bound to: 1 - type: integer 
	Parameter C_PRIM_TYPE bound to: 1 - type: integer 
	Parameter C_LOAD_INIT_FILE bound to: 0 - type: integer 
	Parameter C_INIT_FILE_NAME bound to: no_coe_file_loaded - type: string 
	Parameter C_INIT_FILE bound to: blk_mem_average_buffer_single.mem - type: string 
	Parameter C_USE_DEFAULT_DATA bound to: 0 - type: integer 
	Parameter C_DEFAULT_DATA bound to: 0 - type: string 
	Parameter C_HAS_RSTA bound to: 0 - type: integer 
	Parameter C_RST_PRIORITY_A bound to: CE - type: string 
	Parameter C_RSTRAM_A bound to: 0 - type: integer 
	Parameter C_INITA_VAL bound to: 0 - type: string 
	Parameter C_HAS_ENA bound to: 0 - type: integer 
	Parameter C_HAS_REGCEA bound to: 0 - type: integer 
	Parameter C_USE_BYTE_WEA bound to: 0 - type: integer 
	Parameter C_WEA_WIDTH bound to: 1 - type: integer 
	Parameter C_WRITE_MODE_A bound to: NO_CHANGE - type: string 
	Parameter C_WRITE_WIDTH_A bound to: 1 - type: integer 
	Parameter C_READ_WIDTH_A bound to: 1 - type: integer 
	Parameter C_WRITE_DEPTH_A bound to: 76800 - type: integer 
	Parameter C_READ_DEPTH_A bound to: 76800 - type: integer 
	Parameter C_ADDRA_WIDTH bound to: 17 - type: integer 
	Parameter C_HAS_RSTB bound to: 0 - type: integer 
	Parameter C_RST_PRIORITY_B bound to: CE - type: string 
	Parameter C_RSTRAM_B bound to: 0 - type: integer 
	Parameter C_INITB_VAL bound to: 0 - type: string 
	Parameter C_HAS_ENB bound to: 0 - type: integer 
	Parameter C_HAS_REGCEB bound to: 0 - type: integer 
	Parameter C_USE_BYTE_WEB bound to: 0 - type: integer 
	Parameter C_WEB_WIDTH bound to: 1 - type: integer 
	Parameter C_WRITE_MODE_B bound to: WRITE_FIRST - type: string 
	Parameter C_WRITE_WIDTH_B bound to: 1 - type: integer 
	Parameter C_READ_WIDTH_B bound to: 1 - type: integer 
	Parameter C_WRITE_DEPTH_B bound to: 76800 - type: integer 
	Parameter C_READ_DEPTH_B bound to: 76800 - type: integer 
	Parameter C_ADDRB_WIDTH bound to: 17 - type: integer 
	Parameter C_HAS_MEM_OUTPUT_REGS_A bound to: 0 - type: integer 
	Parameter C_HAS_MEM_OUTPUT_REGS_B bound to: 1 - type: integer 
	Parameter C_HAS_MUX_OUTPUT_REGS_A bound to: 0 - type: integer 
	Parameter C_HAS_MUX_OUTPUT_REGS_B bound to: 0 - type: integer 
	Parameter C_MUX_PIPELINE_STAGES bound to: 0 - type: integer 
	Parameter C_HAS_SOFTECC_INPUT_REGS_A bound to: 0 - type: integer 
	Parameter C_HAS_SOFTECC_OUTPUT_REGS_B bound to: 0 - type: integer 
	Parameter C_USE_SOFTECC bound to: 0 - type: integer 
	Parameter C_USE_ECC bound to: 0 - type: integer 
	Parameter C_EN_ECC_PIPE bound to: 0 - type: integer 
	Parameter C_HAS_INJECTERR bound to: 0 - type: integer 
	Parameter C_SIM_COLLISION_CHECK bound to: ALL - type: string 
	Parameter C_COMMON_CLK bound to: 0 - type: integer 
	Parameter C_DISABLE_WARN_BHV_COLL bound to: 0 - type: integer 
	Parameter C_EN_SLEEP_PIN bound to: 0 - type: integer 
	Parameter C_USE_URAM bound to: 0 - type: integer 
	Parameter C_EN_RDADDRA_CHG bound to: 0 - type: integer 
	Parameter C_EN_RDADDRB_CHG bound to: 0 - type: integer 
	Parameter C_EN_DEEPSLEEP_PIN bound to: 0 - type: integer 
	Parameter C_EN_SHUTDOWN_PIN bound to: 0 - type: integer 
	Parameter C_EN_SAFETY_CKT bound to: 0 - type: integer 
	Parameter C_DISABLE_WARN_BHV_RANGE bound to: 0 - type: integer 
	Parameter C_COUNT_36K_BRAM bound to: 2 - type: string 
	Parameter C_COUNT_18K_BRAM bound to: 1 - type: string 
	Parameter C_EST_POWER_SUMMARY bound to: Estimated Power for IP     :     3.88388 mW - type: string 
INFO: [Synth 8-3491] module 'blk_mem_gen_v8_3_6' declared at 'c:/Users/lingujia/ece532_project/ece532_project.srcs/sources_1/bd/design_1/ip/design_1_frame_average_buffer_0_0/ip/blk_mem_average_buffer/hdl/blk_mem_gen_v8_3_vhsyn_rfs.vhd:195260' bound to instance 'U0' of component 'blk_mem_gen_v8_3_6' [c:/Users/lingujia/ece532_project/ece532_project.srcs/sources_1/bd/design_1/ip/design_1_frame_average_buffer_0_0/ip/blk_mem_average_buffer_single/synth/blk_mem_average_buffer_single.vhd:234]
WARNING: [Synth 8-6014] Unused sequential element i_reg was removed. 
WARNING: [Synth 8-6014] Unused sequential element i_reg was removed. 
INFO: [Synth 8-256] done synthesizing module 'blk_mem_average_buffer_single' (13#1) [c:/Users/lingujia/ece532_project/ece532_project.srcs/sources_1/bd/design_1/ip/design_1_frame_average_buffer_0_0/ip/blk_mem_average_buffer_single/synth/blk_mem_average_buffer_single.vhd:71]
WARNING: [Synth 8-3848] Net clk25 in module/entity frame_average_buffer does not have driver. [c:/Users/lingujia/ece532_project/ece532_project.srcs/sources_1/bd/design_1/ipshared/3fd1/imports/new/frame_average_buffer.v:60]
INFO: [Synth 8-256] done synthesizing module 'frame_average_buffer' (14#1) [c:/Users/lingujia/ece532_project/ece532_project.srcs/sources_1/bd/design_1/ipshared/3fd1/imports/new/frame_average_buffer.v:23]
INFO: [Synth 8-256] done synthesizing module 'design_1_frame_average_buffer_0_0' (15#1) [c:/Users/lingujia/ece532_project/ece532_project.srcs/sources_1/bd/design_1/ip/design_1_frame_average_buffer_0_0/synth/design_1_frame_average_buffer_0_0.v:56]
WARNING: [Synth 8-3331] design blk_mem_gen_mux__parameterized2 has unconnected port MUX_RST[0]
WARNING: [Synth 8-3331] design blk_mem_gen_mux__parameterized2 has unconnected port MEM_LAT_RST
WARNING: [Synth 8-3331] design blk_mem_gen_mux__parameterized2 has unconnected port MUX_REGCE[0]
WARNING: [Synth 8-3331] design blk_mem_gen_mux__parameterized2 has unconnected port WE
WARNING: [Synth 8-3331] design blk_mem_gen_mux__parameterized2 has unconnected port ADDR_IN[16]
WARNING: [Synth 8-3331] design blk_mem_gen_mux__parameterized2 has unconnected port ADDR_IN[15]
WARNING: [Synth 8-3331] design blk_mem_gen_mux__parameterized2 has unconnected port ADDR_IN[14]
WARNING: [Synth 8-3331] design blk_mem_gen_mux__parameterized2 has unconnected port ADDR_IN[13]
WARNING: [Synth 8-3331] design blk_mem_gen_mux__parameterized2 has unconnected port ADDR_IN[12]
WARNING: [Synth 8-3331] design blk_mem_gen_mux__parameterized2 has unconnected port ADDR_IN[11]
WARNING: [Synth 8-3331] design blk_mem_gen_mux__parameterized2 has unconnected port ADDR_IN[10]
WARNING: [Synth 8-3331] design blk_mem_gen_mux__parameterized2 has unconnected port ADDR_IN[9]
WARNING: [Synth 8-3331] design blk_mem_gen_mux__parameterized2 has unconnected port ADDR_IN[8]
WARNING: [Synth 8-3331] design blk_mem_gen_mux__parameterized2 has unconnected port ADDR_IN[7]
WARNING: [Synth 8-3331] design blk_mem_gen_mux__parameterized2 has unconnected port ADDR_IN[6]
WARNING: [Synth 8-3331] design blk_mem_gen_mux__parameterized2 has unconnected port ADDR_IN[5]
WARNING: [Synth 8-3331] design blk_mem_gen_mux__parameterized2 has unconnected port ADDR_IN[4]
WARNING: [Synth 8-3331] design blk_mem_gen_mux__parameterized2 has unconnected port ADDR_IN[3]
WARNING: [Synth 8-3331] design blk_mem_gen_mux__parameterized2 has unconnected port ADDR_IN[2]
WARNING: [Synth 8-3331] design blk_mem_gen_mux__parameterized2 has unconnected port ADDR_IN[1]
WARNING: [Synth 8-3331] design blk_mem_gen_mux__parameterized2 has unconnected port ADDR_IN[0]
WARNING: [Synth 8-3331] design blk_mem_gen_mux__parameterized2 has unconnected port SBITERRIN[7]
WARNING: [Synth 8-3331] design blk_mem_gen_mux__parameterized2 has unconnected port SBITERRIN[6]
WARNING: [Synth 8-3331] design blk_mem_gen_mux__parameterized2 has unconnected port SBITERRIN[5]
WARNING: [Synth 8-3331] design blk_mem_gen_mux__parameterized2 has unconnected port SBITERRIN[4]
WARNING: [Synth 8-3331] design blk_mem_gen_mux__parameterized2 has unconnected port SBITERRIN[3]
WARNING: [Synth 8-3331] design blk_mem_gen_mux__parameterized2 has unconnected port SBITERRIN[2]
WARNING: [Synth 8-3331] design blk_mem_gen_mux__parameterized2 has unconnected port SBITERRIN[1]
WARNING: [Synth 8-3331] design blk_mem_gen_mux__parameterized2 has unconnected port SBITERRIN[0]
WARNING: [Synth 8-3331] design blk_mem_gen_mux__parameterized2 has unconnected port DBITERRIN[7]
WARNING: [Synth 8-3331] design blk_mem_gen_mux__parameterized2 has unconnected port DBITERRIN[6]
WARNING: [Synth 8-3331] design blk_mem_gen_mux__parameterized2 has unconnected port DBITERRIN[5]
WARNING: [Synth 8-3331] design blk_mem_gen_mux__parameterized2 has unconnected port DBITERRIN[4]
WARNING: [Synth 8-3331] design blk_mem_gen_mux__parameterized2 has unconnected port DBITERRIN[3]
WARNING: [Synth 8-3331] design blk_mem_gen_mux__parameterized2 has unconnected port DBITERRIN[2]
WARNING: [Synth 8-3331] design blk_mem_gen_mux__parameterized2 has unconnected port DBITERRIN[1]
WARNING: [Synth 8-3331] design blk_mem_gen_mux__parameterized2 has unconnected port DBITERRIN[0]
WARNING: [Synth 8-3331] design blk_mem_gen_mux__parameterized2 has unconnected port ECCPIPECE
WARNING: [Synth 8-3331] design blk_mem_gen_mux__parameterized1 has unconnected port MUX_RST[0]
WARNING: [Synth 8-3331] design blk_mem_gen_mux__parameterized1 has unconnected port MEM_REG_RST
WARNING: [Synth 8-3331] design blk_mem_gen_mux__parameterized1 has unconnected port MUX_REGCE[0]
WARNING: [Synth 8-3331] design blk_mem_gen_mux__parameterized1 has unconnected port MEM_REGCE
WARNING: [Synth 8-3331] design blk_mem_gen_mux__parameterized1 has unconnected port ADDR_IN[16]
WARNING: [Synth 8-3331] design blk_mem_gen_mux__parameterized1 has unconnected port ADDR_IN[15]
WARNING: [Synth 8-3331] design blk_mem_gen_mux__parameterized1 has unconnected port ADDR_IN[14]
WARNING: [Synth 8-3331] design blk_mem_gen_mux__parameterized1 has unconnected port ADDR_IN[13]
WARNING: [Synth 8-3331] design blk_mem_gen_mux__parameterized1 has unconnected port ADDR_IN[12]
WARNING: [Synth 8-3331] design blk_mem_gen_mux__parameterized1 has unconnected port ADDR_IN[11]
WARNING: [Synth 8-3331] design blk_mem_gen_mux__parameterized1 has unconnected port ADDR_IN[10]
WARNING: [Synth 8-3331] design blk_mem_gen_mux__parameterized1 has unconnected port ADDR_IN[9]
WARNING: [Synth 8-3331] design blk_mem_gen_mux__parameterized1 has unconnected port ADDR_IN[8]
WARNING: [Synth 8-3331] design blk_mem_gen_mux__parameterized1 has unconnected port ADDR_IN[7]
WARNING: [Synth 8-3331] design blk_mem_gen_mux__parameterized1 has unconnected port ADDR_IN[6]
WARNING: [Synth 8-3331] design blk_mem_gen_mux__parameterized1 has unconnected port ADDR_IN[5]
WARNING: [Synth 8-3331] design blk_mem_gen_mux__parameterized1 has unconnected port ADDR_IN[4]
WARNING: [Synth 8-3331] design blk_mem_gen_mux__parameterized1 has unconnected port ADDR_IN[3]
WARNING: [Synth 8-3331] design blk_mem_gen_mux__parameterized1 has unconnected port ADDR_IN[2]
WARNING: [Synth 8-3331] design blk_mem_gen_mux__parameterized1 has unconnected port ADDR_IN[1]
WARNING: [Synth 8-3331] design blk_mem_gen_mux__parameterized1 has unconnected port ADDR_IN[0]
WARNING: [Synth 8-3331] design blk_mem_gen_mux__parameterized1 has unconnected port SBITERRIN[7]
WARNING: [Synth 8-3331] design blk_mem_gen_mux__parameterized1 has unconnected port SBITERRIN[6]
WARNING: [Synth 8-3331] design blk_mem_gen_mux__parameterized1 has unconnected port SBITERRIN[5]
WARNING: [Synth 8-3331] design blk_mem_gen_mux__parameterized1 has unconnected port SBITERRIN[4]
WARNING: [Synth 8-3331] design blk_mem_gen_mux__parameterized1 has unconnected port SBITERRIN[3]
WARNING: [Synth 8-3331] design blk_mem_gen_mux__parameterized1 has unconnected port SBITERRIN[2]
WARNING: [Synth 8-3331] design blk_mem_gen_mux__parameterized1 has unconnected port SBITERRIN[1]
WARNING: [Synth 8-3331] design blk_mem_gen_mux__parameterized1 has unconnected port SBITERRIN[0]
WARNING: [Synth 8-3331] design blk_mem_gen_mux__parameterized1 has unconnected port DBITERRIN[7]
WARNING: [Synth 8-3331] design blk_mem_gen_mux__parameterized1 has unconnected port DBITERRIN[6]
WARNING: [Synth 8-3331] design blk_mem_gen_mux__parameterized1 has unconnected port DBITERRIN[5]
WARNING: [Synth 8-3331] design blk_mem_gen_mux__parameterized1 has unconnected port DBITERRIN[4]
WARNING: [Synth 8-3331] design blk_mem_gen_mux__parameterized1 has unconnected port DBITERRIN[3]
WARNING: [Synth 8-3331] design blk_mem_gen_mux__parameterized1 has unconnected port DBITERRIN[2]
WARNING: [Synth 8-3331] design blk_mem_gen_mux__parameterized1 has unconnected port DBITERRIN[1]
WARNING: [Synth 8-3331] design blk_mem_gen_mux__parameterized1 has unconnected port DBITERRIN[0]
WARNING: [Synth 8-3331] design blk_mem_gen_mux__parameterized1 has unconnected port ECCPIPECE
WARNING: [Synth 8-3331] design blk_mem_gen_prim_wrapper__parameterized5 has unconnected port SSRA
WARNING: [Synth 8-3331] design blk_mem_gen_prim_wrapper__parameterized5 has unconnected port REGCEA
WARNING: [Synth 8-3331] design blk_mem_gen_prim_wrapper__parameterized5 has unconnected port SSRB
WARNING: [Synth 8-3331] design blk_mem_gen_prim_wrapper__parameterized5 has unconnected port WEB[0]
WARNING: [Synth 8-3331] design blk_mem_gen_prim_wrapper__parameterized5 has unconnected port DINB[0]
WARNING: [Synth 8-3331] design blk_mem_gen_prim_wrapper__parameterized5 has unconnected port SLEEP
WARNING: [Synth 8-3331] design blk_mem_gen_prim_wrapper__parameterized5 has unconnected port INJECTSBITERR
WARNING: [Synth 8-3331] design blk_mem_gen_prim_wrapper__parameterized5 has unconnected port INJECTDBITERR
WARNING: [Synth 8-3331] design blk_mem_gen_prim_wrapper__parameterized5 has unconnected port ECCPIPECE
WARNING: [Synth 8-3331] design blk_mem_gen_prim_wrapper__parameterized4 has unconnected port SSRA
WARNING: [Synth 8-3331] design blk_mem_gen_prim_wrapper__parameterized4 has unconnected port REGCEA
WARNING: [Synth 8-3331] design blk_mem_gen_prim_wrapper__parameterized4 has unconnected port SSRB
WARNING: [Synth 8-3331] design blk_mem_gen_prim_wrapper__parameterized4 has unconnected port WEB[0]
WARNING: [Synth 8-3331] design blk_mem_gen_prim_wrapper__parameterized4 has unconnected port DINB[0]
WARNING: [Synth 8-3331] design blk_mem_gen_prim_wrapper__parameterized4 has unconnected port SLEEP
WARNING: [Synth 8-3331] design blk_mem_gen_prim_wrapper__parameterized4 has unconnected port INJECTSBITERR
WARNING: [Synth 8-3331] design blk_mem_gen_prim_wrapper__parameterized4 has unconnected port INJECTDBITERR
WARNING: [Synth 8-3331] design blk_mem_gen_prim_wrapper__parameterized4 has unconnected port ECCPIPECE
WARNING: [Synth 8-3331] design blk_mem_gen_generic_cstr__parameterized0 has unconnected port RSTB[0]
WARNING: [Synth 8-3331] design blk_mem_gen_generic_cstr__parameterized0 has unconnected port INJECTSBITERR
WARNING: [Synth 8-3331] design blk_mem_gen_generic_cstr__parameterized0 has unconnected port INJECTDBITERR
WARNING: [Synth 8-3331] design blk_mem_output_block__parameterized0 has unconnected port CLKB
WARNING: [Synth 8-3331] design blk_mem_output_block__parameterized0 has unconnected port DOUTA_I[0]
WARNING: [Synth 8-3331] design blk_mem_output_block__parameterized0 has unconnected port SBITERR_I
INFO: [Common 17-14] Message 'Synth 8-3331' appears 100 times and further instances of the messages will be disabled. Use the Tcl command set_msg_config to change the current settings.
---------------------------------------------------------------------------------
Finished RTL Elaboration : Time (s): cpu = 00:01:17 ; elapsed = 00:01:19 . Memory (MB): peak = 595.992 ; gain = 299.664
---------------------------------------------------------------------------------

Report Check Netlist: 
+------+------------------+-------+---------+-------+------------------+
|      |Item              |Errors |Warnings |Status |Description       |
+------+------------------+-------+---------+-------+------------------+
|1     |multi_driven_nets |      0|        0|Passed |Multi driven nets |
+------+------------------+-------+---------+-------+------------------+
WARNING: [Synth 8-3295] tying undriven pin frame_avg_buffer:clkb to constant 0 [c:/Users/lingujia/ece532_project/ece532_project.srcs/sources_1/bd/design_1/ipshared/3fd1/imports/new/frame_average_buffer.v:55]
---------------------------------------------------------------------------------
Finished RTL Optimization Phase 1 : Time (s): cpu = 00:01:17 ; elapsed = 00:01:19 . Memory (MB): peak = 595.992 ; gain = 299.664
---------------------------------------------------------------------------------
INFO: [Netlist 29-17] Analyzing 11 Unisim elements for replacement
INFO: [Netlist 29-28] Unisim Transformation completed in 0 CPU seconds
INFO: [Device 21-403] Loading part xc7a100tcsg324-1
INFO: [Project 1-570] Preparing netlist for logic optimization

Processing XDC Constraints
Initializing timing engine
Parsing XDC File [C:/Users/lingujia/ece532_project/ece532_project.runs/design_1_frame_average_buffer_0_0_synth_1/dont_touch.xdc]
Finished Parsing XDC File [C:/Users/lingujia/ece532_project/ece532_project.runs/design_1_frame_average_buffer_0_0_synth_1/dont_touch.xdc]
Completed Processing XDC Constraints

INFO: [Project 1-111] Unisim Transformation Summary:
No Unisim elements were transformed.

Constraint Validation Runtime : Time (s): cpu = 00:00:00 ; elapsed = 00:00:00.032 . Memory (MB): peak = 704.086 ; gain = 0.000
---------------------------------------------------------------------------------
Finished Constraint Validation : Time (s): cpu = 00:01:26 ; elapsed = 00:01:33 . Memory (MB): peak = 704.086 ; gain = 407.758
---------------------------------------------------------------------------------
---------------------------------------------------------------------------------
Start Loading Part and Timing Information
---------------------------------------------------------------------------------
Loading part: xc7a100tcsg324-1
---------------------------------------------------------------------------------
Finished Loading Part and Timing Information : Time (s): cpu = 00:01:26 ; elapsed = 00:01:33 . Memory (MB): peak = 704.086 ; gain = 407.758
---------------------------------------------------------------------------------
---------------------------------------------------------------------------------
Start Applying 'set_property' XDC Constraints
---------------------------------------------------------------------------------
Applied set_property DONT_TOUCH = true for inst/frame_avg_buffer. (constraint file  auto generated constraint, line ).
Applied set_property DONT_TOUCH = true for inst/frame_out_buffer. (constraint file  auto generated constraint, line ).
---------------------------------------------------------------------------------
Finished applying 'set_property' XDC Constraints : Time (s): cpu = 00:01:26 ; elapsed = 00:01:33 . Memory (MB): peak = 704.086 ; gain = 407.758
---------------------------------------------------------------------------------
INFO: [Synth 8-5544] ROM "data_out" won't be mapped to Block RAM because address size (3) smaller than threshold (5)
INFO: [Synth 8-5544] ROM "frame_out" won't be mapped to Block RAM because address size (3) smaller than threshold (5)
---------------------------------------------------------------------------------
Finished RTL Optimization Phase 2 : Time (s): cpu = 00:01:27 ; elapsed = 00:01:34 . Memory (MB): peak = 704.086 ; gain = 407.758
---------------------------------------------------------------------------------

Report RTL Partitions: 
+-+--------------+------------+----------+
| |RTL Partition |Replication |Instances |
+-+--------------+------------+----------+
+-+--------------+------------+----------+
---------------------------------------------------------------------------------
Start RTL Component Statistics 
---------------------------------------------------------------------------------
Detailed RTL Component Info : 
+---Adders : 
	   2 Input      3 Bit       Adders := 2     
+---Registers : 
	               17 Bit    Registers := 3     
	                3 Bit    Registers := 8     
	                1 Bit    Registers := 1     
+---Muxes : 
	   3 Input      3 Bit        Muxes := 1     
	   2 Input      3 Bit        Muxes := 1     
	   2 Input      1 Bit        Muxes := 35    
---------------------------------------------------------------------------------
Finished RTL Component Statistics 
---------------------------------------------------------------------------------
---------------------------------------------------------------------------------
Start RTL Hierarchical Component Statistics 
---------------------------------------------------------------------------------
Hierarchical RTL Component report 
Module frame_average 
Detailed RTL Component Info : 
+---Adders : 
	   2 Input      3 Bit       Adders := 2     
+---Registers : 
	               17 Bit    Registers := 1     
	                3 Bit    Registers := 2     
	                1 Bit    Registers := 1     
+---Muxes : 
	   3 Input      3 Bit        Muxes := 1     
	   2 Input      3 Bit        Muxes := 1     
	   2 Input      1 Bit        Muxes := 1     
Module bindec 
Detailed RTL Component Info : 
+---Muxes : 
	   2 Input      1 Bit        Muxes := 8     
Module blk_mem_gen_mux 
Detailed RTL Component Info : 
+---Registers : 
	                3 Bit    Registers := 1     
Module blk_mem_gen_mux__parameterized0 
Detailed RTL Component Info : 
+---Registers : 
	               17 Bit    Registers := 1     
	                3 Bit    Registers := 2     
+---Muxes : 
	   2 Input      1 Bit        Muxes := 1     
Module blk_mem_gen_mux__parameterized1 
Detailed RTL Component Info : 
+---Registers : 
	                3 Bit    Registers := 1     
Module blk_mem_gen_mux__parameterized2 
Detailed RTL Component Info : 
+---Registers : 
	               17 Bit    Registers := 1     
	                3 Bit    Registers := 2     
+---Muxes : 
	   2 Input      1 Bit        Muxes := 1     
---------------------------------------------------------------------------------
Finished RTL Hierarchical Component Statistics
---------------------------------------------------------------------------------
---------------------------------------------------------------------------------
Start Part Resource Summary
---------------------------------------------------------------------------------
Part Resources:
DSPs: 240 (col length:80)
BRAMs: 270 (col length: RAMB18 80 RAMB36 40)
---------------------------------------------------------------------------------
Finished Part Resource Summary
---------------------------------------------------------------------------------
---------------------------------------------------------------------------------
Start Cross Boundary and Area Optimization
---------------------------------------------------------------------------------
INFO: [Synth 8-5544] ROM "inst_blk_mem_gen/gnbram.gnativebmg.native_blk_mem_gen/valid.cstr/bindec_b.bindec_inst_b/ENOUT" won't be mapped to Block RAM because address size (4) smaller than threshold (5)
INFO: [Synth 8-5544] ROM "inst_blk_mem_gen/gnbram.gnativebmg.native_blk_mem_gen/valid.cstr/bindec_b.bindec_inst_b/ENOUT" won't be mapped to Block RAM because address size (4) smaller than threshold (5)
INFO: [Synth 8-5544] ROM "inst_blk_mem_gen/gnbram.gnativebmg.native_blk_mem_gen/valid.cstr/bindec_b.bindec_inst_b/ENOUT" won't be mapped to Block RAM because address size (4) smaller than threshold (5)
INFO: [Synth 8-5544] ROM "inst_blk_mem_gen/gnbram.gnativebmg.native_blk_mem_gen/valid.cstr/bindec_b.bindec_inst_b/ENOUT" won't be mapped to Block RAM because address size (4) smaller than threshold (5)
INFO: [Synth 8-5544] ROM "inst_blk_mem_gen/gnbram.gnativebmg.native_blk_mem_gen/valid.cstr/bindec_b.bindec_inst_b/ENOUT" won't be mapped to Block RAM because address size (4) smaller than threshold (5)
INFO: [Synth 8-5544] ROM "inst_blk_mem_gen/gnbram.gnativebmg.native_blk_mem_gen/valid.cstr/bindec_b.bindec_inst_b/ENOUT" won't be mapped to Block RAM because address size (4) smaller than threshold (5)
INFO: [Synth 8-5544] ROM "inst_blk_mem_gen/gnbram.gnativebmg.native_blk_mem_gen/valid.cstr/bindec_b.bindec_inst_b/ENOUT" won't be mapped to Block RAM because address size (4) smaller than threshold (5)
INFO: [Synth 8-5544] ROM "inst_blk_mem_gen/gnbram.gnativebmg.native_blk_mem_gen/valid.cstr/bindec_b.bindec_inst_b/ENOUT" won't be mapped to Block RAM because address size (4) smaller than threshold (5)
INFO: [Synth 8-5544] ROM "inst_blk_mem_gen/gnbram.gnativebmg.native_blk_mem_gen/valid.cstr/bindec_b.bindec_inst_b/ENOUT" won't be mapped to Block RAM because address size (4) smaller than threshold (5)
INFO: [Synth 8-5544] ROM "inst_blk_mem_gen/gnbram.gnativebmg.native_blk_mem_gen/valid.cstr/bindec_b.bindec_inst_b/ENOUT" won't be mapped to Block RAM because address size (4) smaller than threshold (5)
INFO: [Synth 8-5544] ROM "inst_blk_mem_gen/gnbram.gnativebmg.native_blk_mem_gen/valid.cstr/bindec_b.bindec_inst_b/ENOUT" won't be mapped to Block RAM because address size (4) smaller than threshold (5)
INFO: [Synth 8-5544] ROM "inst_blk_mem_gen/gnbram.gnativebmg.native_blk_mem_gen/valid.cstr/bindec_b.bindec_inst_b/ENOUT" won't be mapped to Block RAM because address size (4) smaller than threshold (5)
INFO: [Synth 8-5544] ROM "inst_blk_mem_gen/gnbram.gnativebmg.native_blk_mem_gen/valid.cstr/bindec_b.bindec_inst_b/ENOUT" won't be mapped to Block RAM because address size (4) smaller than threshold (5)
INFO: [Synth 8-5544] ROM "inst_blk_mem_gen/gnbram.gnativebmg.native_blk_mem_gen/valid.cstr/bindec_b.bindec_inst_b/ENOUT" won't be mapped to Block RAM because address size (4) smaller than threshold (5)
INFO: [Synth 8-5544] ROM "inst_blk_mem_gen/gnbram.gnativebmg.native_blk_mem_gen/valid.cstr/bindec_b.bindec_inst_b/ENOUT" won't be mapped to Block RAM because address size (4) smaller than threshold (5)
INFO: [Synth 8-5544] ROM "inst_blk_mem_gen/gnbram.gnativebmg.native_blk_mem_gen/valid.cstr/bindec_b.bindec_inst_b/ENOUT" won't be mapped to Block RAM because address size (4) smaller than threshold (5)
---------------------------------------------------------------------------------
Finished Cross Boundary and Area Optimization : Time (s): cpu = 00:01:27 ; elapsed = 00:01:34 . Memory (MB): peak = 704.086 ; gain = 407.758
---------------------------------------------------------------------------------

Report RTL Partitions: 
+-+--------------+------------+----------+
| |RTL Partition |Replication |Instances |
+-+--------------+------------+----------+
+-+--------------+------------+----------+
---------------------------------------------------------------------------------
Start Applying XDC Timing Constraints
---------------------------------------------------------------------------------
---------------------------------------------------------------------------------
Finished Applying XDC Timing Constraints : Time (s): cpu = 00:01:36 ; elapsed = 00:01:44 . Memory (MB): peak = 704.086 ; gain = 407.758
---------------------------------------------------------------------------------
---------------------------------------------------------------------------------
Start Timing Optimization
---------------------------------------------------------------------------------
---------------------------------------------------------------------------------
Finished Timing Optimization : Time (s): cpu = 00:01:36 ; elapsed = 00:01:44 . Memory (MB): peak = 704.086 ; gain = 407.758
---------------------------------------------------------------------------------

Report RTL Partitions: 
+-+--------------+------------+----------+
| |RTL Partition |Replication |Instances |
+-+--------------+------------+----------+
+-+--------------+------------+----------+
---------------------------------------------------------------------------------
Start Technology Mapping
---------------------------------------------------------------------------------
---------------------------------------------------------------------------------
Finished Technology Mapping : Time (s): cpu = 00:01:36 ; elapsed = 00:01:44 . Memory (MB): peak = 716.621 ; gain = 420.293
---------------------------------------------------------------------------------

Report RTL Partitions: 
+-+--------------+------------+----------+
| |RTL Partition |Replication |Instances |
+-+--------------+------------+----------+
+-+--------------+------------+----------+
---------------------------------------------------------------------------------
Start IO Insertion
---------------------------------------------------------------------------------
---------------------------------------------------------------------------------
Start Flattening Before IO Insertion
---------------------------------------------------------------------------------
---------------------------------------------------------------------------------
Finished Flattening Before IO Insertion
---------------------------------------------------------------------------------
---------------------------------------------------------------------------------
Start Final Netlist Cleanup
---------------------------------------------------------------------------------
---------------------------------------------------------------------------------
Finished Final Netlist Cleanup
---------------------------------------------------------------------------------
INFO: [Synth 8-3295] tying undriven pin inst/frame_avg_buffer:clkb to constant 0
---------------------------------------------------------------------------------
Finished IO Insertion : Time (s): cpu = 00:01:37 ; elapsed = 00:01:45 . Memory (MB): peak = 716.621 ; gain = 420.293
---------------------------------------------------------------------------------

Report Check Netlist: 
+------+------------------+-------+---------+-------+------------------+
|      |Item              |Errors |Warnings |Status |Description       |
+------+------------------+-------+---------+-------+------------------+
|1     |multi_driven_nets |      0|        0|Passed |Multi driven nets |
+------+------------------+-------+---------+-------+------------------+
---------------------------------------------------------------------------------
Start Renaming Generated Instances
---------------------------------------------------------------------------------
---------------------------------------------------------------------------------
Finished Renaming Generated Instances : Time (s): cpu = 00:01:37 ; elapsed = 00:01:45 . Memory (MB): peak = 716.621 ; gain = 420.293
---------------------------------------------------------------------------------

Report RTL Partitions: 
+-+--------------+------------+----------+
| |RTL Partition |Replication |Instances |
+-+--------------+------------+----------+
+-+--------------+------------+----------+
---------------------------------------------------------------------------------
Start Rebuilding User Hierarchy
---------------------------------------------------------------------------------
---------------------------------------------------------------------------------
Finished Rebuilding User Hierarchy : Time (s): cpu = 00:01:37 ; elapsed = 00:01:45 . Memory (MB): peak = 716.621 ; gain = 420.293
---------------------------------------------------------------------------------
---------------------------------------------------------------------------------
Start Renaming Generated Ports
---------------------------------------------------------------------------------
---------------------------------------------------------------------------------
Finished Renaming Generated Ports : Time (s): cpu = 00:01:37 ; elapsed = 00:01:45 . Memory (MB): peak = 716.621 ; gain = 420.293
---------------------------------------------------------------------------------
---------------------------------------------------------------------------------
Start Handling Custom Attributes
---------------------------------------------------------------------------------
---------------------------------------------------------------------------------
Finished Handling Custom Attributes : Time (s): cpu = 00:01:37 ; elapsed = 00:01:45 . Memory (MB): peak = 716.621 ; gain = 420.293
---------------------------------------------------------------------------------
---------------------------------------------------------------------------------
Start Renaming Generated Nets
---------------------------------------------------------------------------------
---------------------------------------------------------------------------------
Finished Renaming Generated Nets : Time (s): cpu = 00:01:37 ; elapsed = 00:01:45 . Memory (MB): peak = 716.621 ; gain = 420.293
---------------------------------------------------------------------------------
---------------------------------------------------------------------------------
Start Writing Synthesis Report
---------------------------------------------------------------------------------

Report BlackBoxes: 
+-+--------------+----------+
| |BlackBox name |Instances |
+-+--------------+----------+
+-+--------------+----------+

Report Cell Usage: 
+------+-----------+------+
|      |Cell       |Count |
+------+-----------+------+
|1     |LUT1       |     2|
|2     |LUT2       |     3|
|3     |LUT3       |     5|
|4     |LUT4       |     7|
|5     |LUT5       |     6|
|6     |LUT6       |     3|
|7     |RAMB18E1   |     2|
|8     |RAMB36E1   |     4|
|9     |RAMB36E1_1 |     4|
|10    |RAMB36E1_2 |     1|
|11    |FDRE       |    36|
+------+-----------+------+

Report Instance Areas: 
+------+-------------------------------------------------+-----------------------------------------+------+
|      |Instance                                         |Module                                   |Cells |
+------+-------------------------------------------------+-----------------------------------------+------+
|1     |top                                              |                                         |    73|
|2     |  inst                                           |frame_average_buffer                     |    73|
|3     |    frame_avg_buffer                             |blk_mem_average_buffer                   |    21|
|4     |      U0                                         |blk_mem_gen_v8_3_6                       |    21|
|5     |        inst_blk_mem_gen                         |blk_mem_gen_v8_3_6_synth                 |    21|
|6     |          \gnbram.gnativebmg.native_blk_mem_gen  |blk_mem_gen_top                          |    21|
|7     |            \valid.cstr                          |blk_mem_gen_generic_cstr                 |    21|
|8     |              \bindec_a.bindec_inst_a            |bindec_1                                 |     1|
|9     |              \bindec_b.bindec_inst_b            |bindec_2                                 |     1|
|10    |              \has_mux_b.B                       |blk_mem_gen_mux__parameterized0          |     9|
|11    |              \ramloop[0].ram.r                  |blk_mem_gen_prim_width                   |     2|
|12    |                \prim_noinit.ram                 |blk_mem_gen_prim_wrapper                 |     2|
|13    |              \ramloop[1].ram.r                  |blk_mem_gen_prim_width__parameterized0   |     1|
|14    |                \prim_noinit.ram                 |blk_mem_gen_prim_wrapper__parameterized0 |     1|
|15    |              \ramloop[2].ram.r                  |blk_mem_gen_prim_width__parameterized1   |     2|
|16    |                \prim_noinit.ram                 |blk_mem_gen_prim_wrapper__parameterized1 |     2|
|17    |              \ramloop[3].ram.r                  |blk_mem_gen_prim_width__parameterized2   |     1|
|18    |                \prim_noinit.ram                 |blk_mem_gen_prim_wrapper__parameterized2 |     1|
|19    |              \ramloop[4].ram.r                  |blk_mem_gen_prim_width__parameterized3   |     2|
|20    |                \prim_noinit.ram                 |blk_mem_gen_prim_wrapper__parameterized3 |     2|
|21    |    frame_out_buffer                             |blk_mem_average_buffer_single            |    14|
|22    |      U0                                         |blk_mem_gen_v8_3_6__parameterized1       |    14|
|23    |        inst_blk_mem_gen                         |blk_mem_gen_v8_3_6_synth__parameterized0 |    14|
|24    |          \gnbram.gnativebmg.native_blk_mem_gen  |blk_mem_gen_top__parameterized0          |    14|
|25    |            \valid.cstr                          |blk_mem_gen_generic_cstr__parameterized0 |    14|
|26    |              \bindec_a.bindec_inst_a            |bindec                                   |     1|
|27    |              \bindec_b.bindec_inst_b            |bindec_0                                 |     1|
|28    |              \has_mux_b.B                       |blk_mem_gen_mux__parameterized2          |     7|
|29    |              \ramloop[0].ram.r                  |blk_mem_gen_prim_width__parameterized4   |     2|
|30    |                \prim_noinit.ram                 |blk_mem_gen_prim_wrapper__parameterized4 |     2|
|31    |              \ramloop[1].ram.r                  |blk_mem_gen_prim_width__parameterized5   |     1|
|32    |                \prim_noinit.ram                 |blk_mem_gen_prim_wrapper__parameterized5 |     1|
|33    |    my_frame_average                             |frame_average                            |    38|
+------+-------------------------------------------------+-----------------------------------------+------+
---------------------------------------------------------------------------------
Finished Writing Synthesis Report : Time (s): cpu = 00:01:37 ; elapsed = 00:01:45 . Memory (MB): peak = 716.621 ; gain = 420.293
---------------------------------------------------------------------------------
Synthesis finished with 0 errors, 0 critical warnings and 258 warnings.
Synthesis Optimization Runtime : Time (s): cpu = 00:00:14 ; elapsed = 00:01:33 . Memory (MB): peak = 716.621 ; gain = 312.199
Synthesis Optimization Complete : Time (s): cpu = 00:01:37 ; elapsed = 00:01:45 . Memory (MB): peak = 716.621 ; gain = 420.293
INFO: [Project 1-571] Translating synthesized netlist
INFO: [Netlist 29-17] Analyzing 11 Unisim elements for replacement
INFO: [Netlist 29-28] Unisim Transformation completed in 0 CPU seconds
INFO: [Project 1-570] Preparing netlist for logic optimization
INFO: [Opt 31-138] Pushed 0 inverter(s) to 0 load pin(s).
INFO: [Project 1-111] Unisim Transformation Summary:
No Unisim elements were transformed.

44 Infos, 106 Warnings, 0 Critical Warnings and 0 Errors encountered.
synth_design completed successfully
synth_design: Time (s): cpu = 00:01:39 ; elapsed = 00:01:47 . Memory (MB): peak = 719.035 ; gain = 425.332
INFO: [Common 17-1381] The checkpoint 'C:/Users/lingujia/ece532_project/ece532_project.runs/design_1_frame_average_buffer_0_0_synth_1/design_1_frame_average_buffer_0_0.dcp' has been generated.
INFO: [Coretcl 2-1482] Added synthesis output to IP cache for IP c:/Users/lingujia/ece532_project/ece532_project.srcs/sources_1/bd/design_1/ip/design_1_frame_average_buffer_0_0/design_1_frame_average_buffer_0_0.xci
INFO: [Coretcl 2-1174] Renamed 32 cell refs.
INFO: [Common 17-1381] The checkpoint 'C:/Users/lingujia/ece532_project/ece532_project.runs/design_1_frame_average_buffer_0_0_synth_1/design_1_frame_average_buffer_0_0.dcp' has been generated.
report_utilization: Time (s): cpu = 00:00:00 ; elapsed = 00:00:00.019 . Memory (MB): peak = 719.035 ; gain = 0.000
INFO: [Common 17-206] Exiting Vivado at Sat Feb 10 16:08:55 2018...
