
*** Running vivado
    with args -log design_1_ftps_locator_0_0.vds -m64 -product Vivado -mode batch -messageDb vivado.pb -notrace -source design_1_ftps_locator_0_0.tcl


****** Vivado v2017.2 (64-bit)
  **** SW Build 1909853 on Thu Jun 15 18:39:09 MDT 2017
  **** IP Build 1909766 on Thu Jun 15 19:58:00 MDT 2017
    ** Copyright 1986-2017 Xilinx, Inc. All Rights Reserved.

source design_1_ftps_locator_0_0.tcl -notrace
Command: synth_design -top design_1_ftps_locator_0_0 -part xc7a100tcsg324-1 -mode out_of_context
Starting synth_design
Attempting to get a license for feature 'Synthesis' and/or device 'xc7a100t-csg324'
INFO: [Common 17-349] Got license for feature 'Synthesis' and/or device 'xc7a100t-csg324'
INFO: Launching helper process for spawning children vivado processes
INFO: Helper process launched with PID 3984 
---------------------------------------------------------------------------------
Starting RTL Elaboration : Time (s): cpu = 00:00:02 ; elapsed = 00:00:03 . Memory (MB): peak = 379.398 ; gain = 84.195
---------------------------------------------------------------------------------
INFO: [Synth 8-638] synthesizing module 'design_1_ftps_locator_0_0' [c:/ece532_project/ece532_project.srcs/sources_1/bd/design_1/ip/design_1_ftps_locator_0_0/synth/design_1_ftps_locator_0_0.v:56]
INFO: [Synth 8-638] synthesizing module 'ftps_locator' [c:/ece532_project/ece532_project.srcs/sources_1/bd/design_1/ipshared/24bf/src/ftps_locator.v:23]
	Parameter X_SIZE bound to: 320 - type: integer 
WARNING: [Synth 8-6014] Unused sequential element vsync_r_reg was removed.  [c:/ece532_project/ece532_project.srcs/sources_1/bd/design_1/ipshared/24bf/src/ftps_locator.v:49]
INFO: [Synth 8-256] done synthesizing module 'ftps_locator' (1#1) [c:/ece532_project/ece532_project.srcs/sources_1/bd/design_1/ipshared/24bf/src/ftps_locator.v:23]
INFO: [Synth 8-256] done synthesizing module 'design_1_ftps_locator_0_0' (2#1) [c:/ece532_project/ece532_project.srcs/sources_1/bd/design_1/ip/design_1_ftps_locator_0_0/synth/design_1_ftps_locator_0_0.v:56]
WARNING: [Synth 8-3331] design ftps_locator has unconnected port vsync
WARNING: [Synth 8-3331] design ftps_locator has unconnected port capture_data[15]
WARNING: [Synth 8-3331] design ftps_locator has unconnected port capture_data[14]
WARNING: [Synth 8-3331] design ftps_locator has unconnected port capture_data[13]
WARNING: [Synth 8-3331] design ftps_locator has unconnected port capture_data[12]
WARNING: [Synth 8-3331] design ftps_locator has unconnected port capture_data[11]
WARNING: [Synth 8-3331] design ftps_locator has unconnected port capture_data[10]
WARNING: [Synth 8-3331] design ftps_locator has unconnected port capture_data[9]
WARNING: [Synth 8-3331] design ftps_locator has unconnected port capture_data[8]
WARNING: [Synth 8-3331] design ftps_locator has unconnected port capture_data[7]
WARNING: [Synth 8-3331] design ftps_locator has unconnected port capture_data[6]
WARNING: [Synth 8-3331] design ftps_locator has unconnected port capture_data[5]
WARNING: [Synth 8-3331] design ftps_locator has unconnected port capture_data[4]
WARNING: [Synth 8-3331] design ftps_locator has unconnected port capture_data[3]
WARNING: [Synth 8-3331] design ftps_locator has unconnected port capture_data[2]
WARNING: [Synth 8-3331] design ftps_locator has unconnected port capture_data[1]
---------------------------------------------------------------------------------
Finished RTL Elaboration : Time (s): cpu = 00:00:03 ; elapsed = 00:00:03 . Memory (MB): peak = 419.477 ; gain = 124.273
---------------------------------------------------------------------------------

Report Check Netlist: 
+------+------------------+-------+---------+-------+------------------+
|      |Item              |Errors |Warnings |Status |Description       |
+------+------------------+-------+---------+-------+------------------+
|1     |multi_driven_nets |      0|        0|Passed |Multi driven nets |
+------+------------------+-------+---------+-------+------------------+
---------------------------------------------------------------------------------
Finished RTL Optimization Phase 1 : Time (s): cpu = 00:00:03 ; elapsed = 00:00:04 . Memory (MB): peak = 419.477 ; gain = 124.273
---------------------------------------------------------------------------------
INFO: [Device 21-403] Loading part xc7a100tcsg324-1
INFO: [Project 1-570] Preparing netlist for logic optimization

Processing XDC Constraints
Initializing timing engine
Completed Processing XDC Constraints

INFO: [Project 1-111] Unisim Transformation Summary:
No Unisim elements were transformed.

Constraint Validation Runtime : Time (s): cpu = 00:00:00 ; elapsed = 00:00:00.203 . Memory (MB): peak = 715.730 ; gain = 0.000
---------------------------------------------------------------------------------
Finished Constraint Validation : Time (s): cpu = 00:00:09 ; elapsed = 00:00:16 . Memory (MB): peak = 715.730 ; gain = 420.527
---------------------------------------------------------------------------------
---------------------------------------------------------------------------------
Start Loading Part and Timing Information
---------------------------------------------------------------------------------
Loading part: xc7a100tcsg324-1
---------------------------------------------------------------------------------
Finished Loading Part and Timing Information : Time (s): cpu = 00:00:09 ; elapsed = 00:00:16 . Memory (MB): peak = 715.730 ; gain = 420.527
---------------------------------------------------------------------------------
---------------------------------------------------------------------------------
Start Applying 'set_property' XDC Constraints
---------------------------------------------------------------------------------
---------------------------------------------------------------------------------
Finished applying 'set_property' XDC Constraints : Time (s): cpu = 00:00:09 ; elapsed = 00:00:16 . Memory (MB): peak = 715.730 ; gain = 420.527
---------------------------------------------------------------------------------
WARNING: [Synth 8-6014] Unused sequential element left_sum_reg was removed.  [c:/ece532_project/ece532_project.srcs/sources_1/bd/design_1/ipshared/24bf/src/ftps_locator.v:163]
WARNING: [Synth 8-6014] Unused sequential element right_sum_reg was removed.  [c:/ece532_project/ece532_project.srcs/sources_1/bd/design_1/ipshared/24bf/src/ftps_locator.v:164]
WARNING: [Synth 8-6014] Unused sequential element top_sum_reg was removed.  [c:/ece532_project/ece532_project.srcs/sources_1/bd/design_1/ipshared/24bf/src/ftps_locator.v:165]
WARNING: [Synth 8-6014] Unused sequential element bot_sum_reg was removed.  [c:/ece532_project/ece532_project.srcs/sources_1/bd/design_1/ipshared/24bf/src/ftps_locator.v:166]
---------------------------------------------------------------------------------
Finished RTL Optimization Phase 2 : Time (s): cpu = 00:00:10 ; elapsed = 00:00:16 . Memory (MB): peak = 715.730 ; gain = 420.527
---------------------------------------------------------------------------------

Report RTL Partitions: 
+-+--------------+------------+----------+
| |RTL Partition |Replication |Instances |
+-+--------------+------------+----------+
+-+--------------+------------+----------+
---------------------------------------------------------------------------------
Start RTL Component Statistics 
---------------------------------------------------------------------------------
Detailed RTL Component Info : 
+---Adders : 
	   2 Input     32 Bit       Adders := 2     
	   2 Input     11 Bit       Adders := 2     
	   3 Input     11 Bit       Adders := 1     
	   2 Input     10 Bit       Adders := 2     
	   3 Input     10 Bit       Adders := 1     
+---Registers : 
	               11 Bit    Registers := 2     
	               10 Bit    Registers := 2     
	                9 Bit    Registers := 6     
	                8 Bit    Registers := 6     
	                1 Bit    Registers := 7     
+---Muxes : 
	   2 Input     16 Bit        Muxes := 1     
	   5 Input     12 Bit        Muxes := 1     
	   2 Input      9 Bit        Muxes := 3     
	   2 Input      8 Bit        Muxes := 3     
	   2 Input      1 Bit        Muxes := 3     
---------------------------------------------------------------------------------
Finished RTL Component Statistics 
---------------------------------------------------------------------------------
---------------------------------------------------------------------------------
Start RTL Hierarchical Component Statistics 
---------------------------------------------------------------------------------
Hierarchical RTL Component report 
Module ftps_locator 
Detailed RTL Component Info : 
+---Adders : 
	   2 Input     32 Bit       Adders := 2     
	   2 Input     11 Bit       Adders := 2     
	   3 Input     11 Bit       Adders := 1     
	   2 Input     10 Bit       Adders := 2     
	   3 Input     10 Bit       Adders := 1     
+---Registers : 
	               11 Bit    Registers := 2     
	               10 Bit    Registers := 2     
	                9 Bit    Registers := 6     
	                8 Bit    Registers := 6     
	                1 Bit    Registers := 7     
+---Muxes : 
	   2 Input     16 Bit        Muxes := 1     
	   5 Input     12 Bit        Muxes := 1     
	   2 Input      9 Bit        Muxes := 3     
	   2 Input      8 Bit        Muxes := 3     
	   2 Input      1 Bit        Muxes := 3     
---------------------------------------------------------------------------------
Finished RTL Hierarchical Component Statistics
---------------------------------------------------------------------------------
---------------------------------------------------------------------------------
Start Part Resource Summary
---------------------------------------------------------------------------------
Part Resources:
DSPs: 240 (col length:80)
BRAMs: 270 (col length: RAMB18 80 RAMB36 40)
---------------------------------------------------------------------------------
Finished Part Resource Summary
---------------------------------------------------------------------------------
---------------------------------------------------------------------------------
Start Cross Boundary and Area Optimization
---------------------------------------------------------------------------------
WARNING: [Synth 8-6014] Unused sequential element inst/left_sum_reg was removed.  [c:/ece532_project/ece532_project.srcs/sources_1/bd/design_1/ipshared/24bf/src/ftps_locator.v:163]
WARNING: [Synth 8-6014] Unused sequential element inst/bot_sum_reg was removed.  [c:/ece532_project/ece532_project.srcs/sources_1/bd/design_1/ipshared/24bf/src/ftps_locator.v:166]
WARNING: [Synth 8-6014] Unused sequential element inst/right_sum_reg was removed.  [c:/ece532_project/ece532_project.srcs/sources_1/bd/design_1/ipshared/24bf/src/ftps_locator.v:164]
WARNING: [Synth 8-6014] Unused sequential element inst/top_sum_reg was removed.  [c:/ece532_project/ece532_project.srcs/sources_1/bd/design_1/ipshared/24bf/src/ftps_locator.v:165]
WARNING: [Synth 8-3331] design design_1_ftps_locator_0_0 has unconnected port vsync
WARNING: [Synth 8-3331] design design_1_ftps_locator_0_0 has unconnected port capture_data[15]
WARNING: [Synth 8-3331] design design_1_ftps_locator_0_0 has unconnected port capture_data[14]
WARNING: [Synth 8-3331] design design_1_ftps_locator_0_0 has unconnected port capture_data[13]
WARNING: [Synth 8-3331] design design_1_ftps_locator_0_0 has unconnected port capture_data[12]
WARNING: [Synth 8-3331] design design_1_ftps_locator_0_0 has unconnected port capture_data[11]
WARNING: [Synth 8-3331] design design_1_ftps_locator_0_0 has unconnected port capture_data[10]
WARNING: [Synth 8-3331] design design_1_ftps_locator_0_0 has unconnected port capture_data[9]
WARNING: [Synth 8-3331] design design_1_ftps_locator_0_0 has unconnected port capture_data[8]
WARNING: [Synth 8-3331] design design_1_ftps_locator_0_0 has unconnected port capture_data[7]
WARNING: [Synth 8-3331] design design_1_ftps_locator_0_0 has unconnected port capture_data[6]
WARNING: [Synth 8-3331] design design_1_ftps_locator_0_0 has unconnected port capture_data[5]
WARNING: [Synth 8-3331] design design_1_ftps_locator_0_0 has unconnected port capture_data[4]
WARNING: [Synth 8-3331] design design_1_ftps_locator_0_0 has unconnected port capture_data[3]
WARNING: [Synth 8-3331] design design_1_ftps_locator_0_0 has unconnected port capture_data[2]
WARNING: [Synth 8-3331] design design_1_ftps_locator_0_0 has unconnected port capture_data[1]
---------------------------------------------------------------------------------
Finished Cross Boundary and Area Optimization : Time (s): cpu = 00:00:12 ; elapsed = 00:00:19 . Memory (MB): peak = 715.730 ; gain = 420.527
---------------------------------------------------------------------------------

Report RTL Partitions: 
+-+--------------+------------+----------+
| |RTL Partition |Replication |Instances |
+-+--------------+------------+----------+
+-+--------------+------------+----------+
---------------------------------------------------------------------------------
Start Applying XDC Timing Constraints
---------------------------------------------------------------------------------
---------------------------------------------------------------------------------
Finished Applying XDC Timing Constraints : Time (s): cpu = 00:00:21 ; elapsed = 00:00:28 . Memory (MB): peak = 715.730 ; gain = 420.527
---------------------------------------------------------------------------------
---------------------------------------------------------------------------------
Start Timing Optimization
---------------------------------------------------------------------------------
---------------------------------------------------------------------------------
Finished Timing Optimization : Time (s): cpu = 00:00:21 ; elapsed = 00:00:28 . Memory (MB): peak = 715.730 ; gain = 420.527
---------------------------------------------------------------------------------

Report RTL Partitions: 
+-+--------------+------------+----------+
| |RTL Partition |Replication |Instances |
+-+--------------+------------+----------+
+-+--------------+------------+----------+
---------------------------------------------------------------------------------
Start Technology Mapping
---------------------------------------------------------------------------------
---------------------------------------------------------------------------------
Finished Technology Mapping : Time (s): cpu = 00:00:21 ; elapsed = 00:00:28 . Memory (MB): peak = 733.191 ; gain = 437.988
---------------------------------------------------------------------------------

Report RTL Partitions: 
+-+--------------+------------+----------+
| |RTL Partition |Replication |Instances |
+-+--------------+------------+----------+
+-+--------------+------------+----------+
---------------------------------------------------------------------------------
Start IO Insertion
---------------------------------------------------------------------------------
---------------------------------------------------------------------------------
Start Flattening Before IO Insertion
---------------------------------------------------------------------------------
---------------------------------------------------------------------------------
Finished Flattening Before IO Insertion
---------------------------------------------------------------------------------
---------------------------------------------------------------------------------
Start Final Netlist Cleanup
---------------------------------------------------------------------------------
---------------------------------------------------------------------------------
Finished Final Netlist Cleanup
---------------------------------------------------------------------------------
---------------------------------------------------------------------------------
Finished IO Insertion : Time (s): cpu = 00:00:22 ; elapsed = 00:00:29 . Memory (MB): peak = 733.191 ; gain = 437.988
---------------------------------------------------------------------------------

Report Check Netlist: 
+------+------------------+-------+---------+-------+------------------+
|      |Item              |Errors |Warnings |Status |Description       |
+------+------------------+-------+---------+-------+------------------+
|1     |multi_driven_nets |      0|        0|Passed |Multi driven nets |
+------+------------------+-------+---------+-------+------------------+
---------------------------------------------------------------------------------
Start Renaming Generated Instances
---------------------------------------------------------------------------------
---------------------------------------------------------------------------------
Finished Renaming Generated Instances : Time (s): cpu = 00:00:22 ; elapsed = 00:00:29 . Memory (MB): peak = 733.191 ; gain = 437.988
---------------------------------------------------------------------------------

Report RTL Partitions: 
+-+--------------+------------+----------+
| |RTL Partition |Replication |Instances |
+-+--------------+------------+----------+
+-+--------------+------------+----------+
---------------------------------------------------------------------------------
Start Rebuilding User Hierarchy
---------------------------------------------------------------------------------
---------------------------------------------------------------------------------
Finished Rebuilding User Hierarchy : Time (s): cpu = 00:00:22 ; elapsed = 00:00:29 . Memory (MB): peak = 733.191 ; gain = 437.988
---------------------------------------------------------------------------------
---------------------------------------------------------------------------------
Start Renaming Generated Ports
---------------------------------------------------------------------------------
---------------------------------------------------------------------------------
Finished Renaming Generated Ports : Time (s): cpu = 00:00:22 ; elapsed = 00:00:29 . Memory (MB): peak = 733.191 ; gain = 437.988
---------------------------------------------------------------------------------
---------------------------------------------------------------------------------
Start Handling Custom Attributes
---------------------------------------------------------------------------------
---------------------------------------------------------------------------------
Finished Handling Custom Attributes : Time (s): cpu = 00:00:22 ; elapsed = 00:00:29 . Memory (MB): peak = 733.191 ; gain = 437.988
---------------------------------------------------------------------------------
---------------------------------------------------------------------------------
Start Renaming Generated Nets
---------------------------------------------------------------------------------
---------------------------------------------------------------------------------
Finished Renaming Generated Nets : Time (s): cpu = 00:00:22 ; elapsed = 00:00:29 . Memory (MB): peak = 733.191 ; gain = 437.988
---------------------------------------------------------------------------------
---------------------------------------------------------------------------------
Start Writing Synthesis Report
---------------------------------------------------------------------------------

Report BlackBoxes: 
+-+--------------+----------+
| |BlackBox name |Instances |
+-+--------------+----------+
+-+--------------+----------+

Report Cell Usage: 
+------+-------+------+
|      |Cell   |Count |
+------+-------+------+
|1     |CARRY4 |   221|
|2     |LUT1   |   167|
|3     |LUT2   |   219|
|4     |LUT3   |   259|
|5     |LUT4   |   143|
|6     |LUT5   |   175|
|7     |LUT6   |   397|
|8     |FDRE   |   139|
|9     |FDSE   |    12|
+------+-------+------+

Report Instance Areas: 
+------+---------+-------------+------+
|      |Instance |Module       |Cells |
+------+---------+-------------+------+
|1     |top      |             |  1732|
|2     |  inst   |ftps_locator |  1727|
+------+---------+-------------+------+
---------------------------------------------------------------------------------
Finished Writing Synthesis Report : Time (s): cpu = 00:00:22 ; elapsed = 00:00:29 . Memory (MB): peak = 733.191 ; gain = 437.988
---------------------------------------------------------------------------------
Synthesis finished with 0 errors, 0 critical warnings and 24 warnings.
Synthesis Optimization Runtime : Time (s): cpu = 00:00:15 ; elapsed = 00:00:19 . Memory (MB): peak = 733.191 ; gain = 141.734
Synthesis Optimization Complete : Time (s): cpu = 00:00:22 ; elapsed = 00:00:29 . Memory (MB): peak = 733.191 ; gain = 437.988
INFO: [Project 1-571] Translating synthesized netlist
INFO: [Netlist 29-17] Analyzing 221 Unisim elements for replacement
INFO: [Netlist 29-28] Unisim Transformation completed in 0 CPU seconds
WARNING: [Netlist 29-101] Netlist 'design_1_ftps_locator_0_0' is not ideal for floorplanning, since the cellview 'ftps_locator' contains a large number of primitives.  Please consider enabling hierarchy in synthesis if you want to do floorplanning.
INFO: [Project 1-570] Preparing netlist for logic optimization
INFO: [Opt 31-138] Pushed 0 inverter(s) to 0 load pin(s).
INFO: [Project 1-111] Unisim Transformation Summary:
No Unisim elements were transformed.

14 Infos, 42 Warnings, 0 Critical Warnings and 0 Errors encountered.
synth_design completed successfully
synth_design: Time (s): cpu = 00:00:24 ; elapsed = 00:00:31 . Memory (MB): peak = 733.191 ; gain = 439.613
INFO: [Common 17-1381] The checkpoint 'C:/ece532_project/ece532_project.runs/design_1_ftps_locator_0_0_synth_1/design_1_ftps_locator_0_0.dcp' has been generated.
