
*** Running vivado
    with args -log design_1_mdm_1_0.vds -m64 -product Vivado -mode batch -messageDb vivado.pb -notrace -source design_1_mdm_1_0.tcl


****** Vivado v2017.2 (64-bit)
  **** SW Build 1909853 on Thu Jun 15 18:39:10 MDT 2017
  **** IP Build 1909766 on Thu Jun 15 19:58:00 MDT 2017
    ** Copyright 1986-2017 Xilinx, Inc. All Rights Reserved.

source design_1_mdm_1_0.tcl -notrace
Starting RTL Elaboration : Time (s): cpu = 00:00:03 ; elapsed = 00:00:03 . Memory (MB): peak = 1208.582 ; gain = 68.000 ; free physical = 7032 ; free virtual = 36004
INFO: [Synth 8-638] synthesizing module 'design_1_mdm_1_0' [/nfs/ug/homes-2/c/chenyueq/ECE532/project_warmup/project_warmup.srcs/sources_1/bd/design_1/ip/design_1_mdm_1_0/synth/design_1_mdm_1_0.vhd:74]
INFO: [Synth 8-638] synthesizing module 'MDM' [/nfs/ug/homes-2/c/chenyueq/ECE532/project_warmup/project_warmup.srcs/sources_1/bd/design_1/ipshared/5967/hdl/mdm_v3_2_vh_rfs.vhd:13762]
INFO: [Synth 8-638] synthesizing module 'MB_BSCANE2' [/nfs/ug/homes-2/c/chenyueq/ECE532/project_warmup/project_warmup.srcs/sources_1/bd/design_1/ipshared/5967/hdl/mdm_v3_2_vh_rfs.vhd:277]
INFO: [Synth 8-256] done synthesizing module 'MB_BSCANE2' (1#1) [/nfs/ug/homes-2/c/chenyueq/ECE532/project_warmup/project_warmup.srcs/sources_1/bd/design_1/ipshared/5967/hdl/mdm_v3_2_vh_rfs.vhd:277]
INFO: [Synth 8-638] synthesizing module 'MB_BUFG' [/nfs/ug/homes-2/c/chenyueq/ECE532/project_warmup/project_warmup.srcs/sources_1/bd/design_1/ipshared/5967/hdl/mdm_v3_2_vh_rfs.vhd:328]
INFO: [Synth 8-256] done synthesizing module 'MB_BUFG' (2#1) [/nfs/ug/homes-2/c/chenyueq/ECE532/project_warmup/project_warmup.srcs/sources_1/bd/design_1/ipshared/5967/hdl/mdm_v3_2_vh_rfs.vhd:328]
INFO: [Synth 8-638] synthesizing module 'MDM_Core' [/nfs/ug/homes-2/c/chenyueq/ECE532/project_warmup/project_warmup.srcs/sources_1/bd/design_1/ipshared/5967/hdl/mdm_v3_2_vh_rfs.vhd:6642]
INFO: [Synth 8-638] synthesizing module 'JTAG_CONTROL' [/nfs/ug/homes-2/c/chenyueq/ECE532/project_warmup/project_warmup.srcs/sources_1/bd/design_1/ipshared/5967/hdl/mdm_v3_2_vh_rfs.vhd:3115]
INFO: [Synth 8-638] synthesizing module 'MB_FDC_1' [/nfs/ug/homes-2/c/chenyueq/ECE532/project_warmup/project_warmup.srcs/sources_1/bd/design_1/ipshared/5967/hdl/mdm_v3_2_vh_rfs.vhd:630]
INFO: [Synth 8-256] done synthesizing module 'MB_FDC_1' (3#1) [/nfs/ug/homes-2/c/chenyueq/ECE532/project_warmup/project_warmup.srcs/sources_1/bd/design_1/ipshared/5967/hdl/mdm_v3_2_vh_rfs.vhd:630]
INFO: [Synth 8-638] synthesizing module 'MB_FDRE_1' [/nfs/ug/homes-2/c/chenyueq/ECE532/project_warmup/project_warmup.srcs/sources_1/bd/design_1/ipshared/5967/hdl/mdm_v3_2_vh_rfs.vhd:690]
INFO: [Synth 8-256] done synthesizing module 'MB_FDRE_1' (4#1) [/nfs/ug/homes-2/c/chenyueq/ECE532/project_warmup/project_warmup.srcs/sources_1/bd/design_1/ipshared/5967/hdl/mdm_v3_2_vh_rfs.vhd:690]
INFO: [Synth 8-638] synthesizing module 'MB_SRL16E' [/nfs/ug/homes-2/c/chenyueq/ECE532/project_warmup/project_warmup.srcs/sources_1/bd/design_1/ipshared/5967/hdl/mdm_v3_2_vh_rfs.vhd:759]
INFO: [Synth 8-256] done synthesizing module 'MB_SRL16E' (5#1) [/nfs/ug/homes-2/c/chenyueq/ECE532/project_warmup/project_warmup.srcs/sources_1/bd/design_1/ipshared/5967/hdl/mdm_v3_2_vh_rfs.vhd:759]
INFO: [Synth 8-638] synthesizing module 'MB_SRL16E__parameterized1' [/nfs/ug/homes-2/c/chenyueq/ECE532/project_warmup/project_warmup.srcs/sources_1/bd/design_1/ipshared/5967/hdl/mdm_v3_2_vh_rfs.vhd:759]
INFO: [Synth 8-256] done synthesizing module 'MB_SRL16E__parameterized1' (5#1) [/nfs/ug/homes-2/c/chenyueq/ECE532/project_warmup/project_warmup.srcs/sources_1/bd/design_1/ipshared/5967/hdl/mdm_v3_2_vh_rfs.vhd:759]
INFO: [Synth 8-638] synthesizing module 'MB_SRL16E__parameterized3' [/nfs/ug/homes-2/c/chenyueq/ECE532/project_warmup/project_warmup.srcs/sources_1/bd/design_1/ipshared/5967/hdl/mdm_v3_2_vh_rfs.vhd:759]
INFO: [Synth 8-256] done synthesizing module 'MB_SRL16E__parameterized3' (5#1) [/nfs/ug/homes-2/c/chenyueq/ECE532/project_warmup/project_warmup.srcs/sources_1/bd/design_1/ipshared/5967/hdl/mdm_v3_2_vh_rfs.vhd:759]
INFO: [Synth 8-638] synthesizing module 'MB_SRL16E__parameterized5' [/nfs/ug/homes-2/c/chenyueq/ECE532/project_warmup/project_warmup.srcs/sources_1/bd/design_1/ipshared/5967/hdl/mdm_v3_2_vh_rfs.vhd:759]
INFO: [Synth 8-256] done synthesizing module 'MB_SRL16E__parameterized5' (5#1) [/nfs/ug/homes-2/c/chenyueq/ECE532/project_warmup/project_warmup.srcs/sources_1/bd/design_1/ipshared/5967/hdl/mdm_v3_2_vh_rfs.vhd:759]
INFO: [Synth 8-256] done synthesizing module 'JTAG_CONTROL' (6#1) [/nfs/ug/homes-2/c/chenyueq/ECE532/project_warmup/project_warmup.srcs/sources_1/bd/design_1/ipshared/5967/hdl/mdm_v3_2_vh_rfs.vhd:3115]
INFO: [Synth 8-256] done synthesizing module 'MDM_Core' (7#1) [/nfs/ug/homes-2/c/chenyueq/ECE532/project_warmup/project_warmup.srcs/sources_1/bd/design_1/ipshared/5967/hdl/mdm_v3_2_vh_rfs.vhd:6642]
INFO: [Synth 8-256] done synthesizing module 'MDM' (8#1) [/nfs/ug/homes-2/c/chenyueq/ECE532/project_warmup/project_warmup.srcs/sources_1/bd/design_1/ipshared/5967/hdl/mdm_v3_2_vh_rfs.vhd:13762]
INFO: [Synth 8-256] done synthesizing module 'design_1_mdm_1_0' (9#1) [/nfs/ug/homes-2/c/chenyueq/ECE532/project_warmup/project_warmup.srcs/sources_1/bd/design_1/ip/design_1_mdm_1_0/synth/design_1_mdm_1_0.vhd:74]
Finished RTL Elaboration : Time (s): cpu = 00:00:05 ; elapsed = 00:00:05 . Memory (MB): peak = 1260.082 ; gain = 119.500 ; free physical = 6903 ; free virtual = 35878
Finished RTL Optimization Phase 1 : Time (s): cpu = 00:00:05 ; elapsed = 00:00:06 . Memory (MB): peak = 1260.082 ; gain = 119.500 ; free physical = 6827 ; free virtual = 35801
INFO: [Device 21-403] Loading part xc7a100tcsg324-1
Constraint Validation Runtime : Time (s): cpu = 00:00:00.02 ; elapsed = 00:00:00.08 . Memory (MB): peak = 1660.738 ; gain = 1.000 ; free physical = 6161 ; free virtual = 35251
Finished Constraint Validation : Time (s): cpu = 00:00:12 ; elapsed = 00:00:15 . Memory (MB): peak = 1660.738 ; gain = 520.156 ; free physical = 6327 ; free virtual = 35305
Finished Loading Part and Timing Information : Time (s): cpu = 00:00:12 ; elapsed = 00:00:15 . Memory (MB): peak = 1660.738 ; gain = 520.156 ; free physical = 6327 ; free virtual = 35305
Finished applying 'set_property' XDC Constraints : Time (s): cpu = 00:00:12 ; elapsed = 00:00:15 . Memory (MB): peak = 1660.738 ; gain = 520.156 ; free physical = 6329 ; free virtual = 35307
Finished RTL Optimization Phase 2 : Time (s): cpu = 00:00:13 ; elapsed = 00:00:15 . Memory (MB): peak = 1660.738 ; gain = 520.156 ; free physical = 6317 ; free virtual = 35295
Finished Cross Boundary and Area Optimization : Time (s): cpu = 00:00:13 ; elapsed = 00:00:16 . Memory (MB): peak = 1660.738 ; gain = 520.156 ; free physical = 6275 ; free virtual = 35253
Finished Applying XDC Timing Constraints : Time (s): cpu = 00:00:18 ; elapsed = 00:00:20 . Memory (MB): peak = 1660.738 ; gain = 520.156 ; free physical = 6489 ; free virtual = 35467
Finished Timing Optimization : Time (s): cpu = 00:00:18 ; elapsed = 00:00:21 . Memory (MB): peak = 1660.738 ; gain = 520.156 ; free physical = 6478 ; free virtual = 35453
Finished Technology Mapping : Time (s): cpu = 00:00:18 ; elapsed = 00:00:21 . Memory (MB): peak = 1660.738 ; gain = 520.156 ; free physical = 6532 ; free virtual = 35507
Finished IO Insertion : Time (s): cpu = 00:00:19 ; elapsed = 00:00:21 . Memory (MB): peak = 1660.738 ; gain = 520.156 ; free physical = 6510 ; free virtual = 35486
Finished Renaming Generated Instances : Time (s): cpu = 00:00:19 ; elapsed = 00:00:21 . Memory (MB): peak = 1660.738 ; gain = 520.156 ; free physical = 6510 ; free virtual = 35486
Finished Rebuilding User Hierarchy : Time (s): cpu = 00:00:19 ; elapsed = 00:00:21 . Memory (MB): peak = 1660.738 ; gain = 520.156 ; free physical = 6510 ; free virtual = 35485
Finished Renaming Generated Ports : Time (s): cpu = 00:00:19 ; elapsed = 00:00:21 . Memory (MB): peak = 1660.738 ; gain = 520.156 ; free physical = 6510 ; free virtual = 35485
Finished Handling Custom Attributes : Time (s): cpu = 00:00:19 ; elapsed = 00:00:21 . Memory (MB): peak = 1660.738 ; gain = 520.156 ; free physical = 6510 ; free virtual = 35485
Finished Renaming Generated Nets : Time (s): cpu = 00:00:19 ; elapsed = 00:00:21 . Memory (MB): peak = 1660.738 ; gain = 520.156 ; free physical = 6510 ; free virtual = 35485

Report Cell Usage: 
+------+--------+------+
|      |Cell    |Count |
+------+--------+------+
|1     |BSCANE2 |     1|
|2     |BUFG    |     1|
|3     |LUT1    |     2|
|4     |LUT2    |    14|
|5     |LUT3    |    28|
|6     |LUT4    |    14|
|7     |LUT5    |    17|
|8     |LUT6    |    34|
|9     |SRL16E  |     7|
|10    |FDCE    |   100|
|11    |FDC_1   |     1|
|12    |FDPE    |     7|
|13    |FDRE    |     3|
|14    |FDRE_1  |     1|
+------+--------+------+
Finished Writing Synthesis Report : Time (s): cpu = 00:00:19 ; elapsed = 00:00:21 . Memory (MB): peak = 1660.738 ; gain = 520.156 ; free physical = 6510 ; free virtual = 35485
synth_design: Time (s): cpu = 00:00:20 ; elapsed = 00:00:22 . Memory (MB): peak = 1660.738 ; gain = 532.738 ; free physical = 6445 ; free virtual = 35420
