
*** Running vivado
    with args -log design_1_mii_to_rmii_0_0.vds -m64 -product Vivado -mode batch -messageDb vivado.pb -notrace -source design_1_mii_to_rmii_0_0.tcl


****** Vivado v2017.2 (64-bit)
  **** SW Build 1909853 on Thu Jun 15 18:39:09 MDT 2017
  **** IP Build 1909766 on Thu Jun 15 19:58:00 MDT 2017
    ** Copyright 1986-2017 Xilinx, Inc. All Rights Reserved.

source design_1_mii_to_rmii_0_0.tcl -notrace
Starting RTL Elaboration : Time (s): cpu = 00:00:03 ; elapsed = 00:00:03 . Memory (MB): peak = 385.891 ; gain = 83.113
INFO: [Synth 8-638] synthesizing module 'design_1_mii_to_rmii_0_0' [c:/Users/chenyueq/ece532_project/ece532_project.srcs/sources_1/bd/design_1/ip/design_1_mii_to_rmii_0_0/synth/design_1_mii_to_rmii_0_0.vhd:81]
INFO: [Synth 8-638] synthesizing module 'mii_to_rmii' [c:/Users/chenyueq/ece532_project/ece532_project.srcs/sources_1/bd/design_1/ipshared/9b1f/hdl/mii_to_rmii_v2_0_vh_rfs.vhd:4218]
INFO: [Synth 8-638] synthesizing module 'rmii_tx_fixed' [c:/Users/chenyueq/ece532_project/ece532_project.srcs/sources_1/bd/design_1/ipshared/9b1f/hdl/mii_to_rmii_v2_0_vh_rfs.vhd:1751]
INFO: [Synth 8-256] done synthesizing module 'rmii_tx_fixed' (1#1) [c:/Users/chenyueq/ece532_project/ece532_project.srcs/sources_1/bd/design_1/ipshared/9b1f/hdl/mii_to_rmii_v2_0_vh_rfs.vhd:1751]
INFO: [Synth 8-638] synthesizing module 'rmii_rx_fixed' [c:/Users/chenyueq/ece532_project/ece532_project.srcs/sources_1/bd/design_1/ipshared/9b1f/hdl/mii_to_rmii_v2_0_vh_rfs.vhd:2664]
INFO: [Synth 8-638] synthesizing module 'SRL_FIFO' [c:/Users/chenyueq/ece532_project/ece532_project.srcs/sources_1/bd/design_1/ipshared/9b1f/hdl/mii_to_rmii_v2_0_vh_rfs.vhd:1454]
INFO: [Synth 8-638] synthesizing module 'FDR' [C:/Xilinx/Vivado/2017.2/scripts/rt/data/unisim_comp.v:3951]
INFO: [Synth 8-256] done synthesizing module 'FDR' (2#1) [C:/Xilinx/Vivado/2017.2/scripts/rt/data/unisim_comp.v:3951]
INFO: [Synth 8-638] synthesizing module 'MUXCY_L' [C:/Xilinx/Vivado/2017.2/scripts/rt/data/unisim_comp.v:21638]
INFO: [Synth 8-256] done synthesizing module 'MUXCY_L' (3#1) [C:/Xilinx/Vivado/2017.2/scripts/rt/data/unisim_comp.v:21638]
INFO: [Synth 8-638] synthesizing module 'XORCY' [C:/Xilinx/Vivado/2017.2/scripts/rt/data/unisim_comp.v:45685]
INFO: [Synth 8-256] done synthesizing module 'XORCY' (4#1) [C:/Xilinx/Vivado/2017.2/scripts/rt/data/unisim_comp.v:45685]
INFO: [Synth 8-638] synthesizing module 'FDRE' [C:/Xilinx/Vivado/2017.2/scripts/rt/data/unisim_comp.v:3964]
INFO: [Synth 8-256] done synthesizing module 'FDRE' (5#1) [C:/Xilinx/Vivado/2017.2/scripts/rt/data/unisim_comp.v:3964]
INFO: [Synth 8-638] synthesizing module 'SRL16E' [C:/Xilinx/Vivado/2017.2/scripts/rt/data/unisim_comp.v:43673]
INFO: [Synth 8-256] done synthesizing module 'SRL16E' (6#1) [C:/Xilinx/Vivado/2017.2/scripts/rt/data/unisim_comp.v:43673]
INFO: [Synth 8-256] done synthesizing module 'SRL_FIFO' (7#1) [c:/Users/chenyueq/ece532_project/ece532_project.srcs/sources_1/bd/design_1/ipshared/9b1f/hdl/mii_to_rmii_v2_0_vh_rfs.vhd:1454]
INFO: [Synth 8-256] done synthesizing module 'rmii_rx_fixed' (8#1) [c:/Users/chenyueq/ece532_project/ece532_project.srcs/sources_1/bd/design_1/ipshared/9b1f/hdl/mii_to_rmii_v2_0_vh_rfs.vhd:2664]
INFO: [Synth 8-256] done synthesizing module 'mii_to_rmii' (9#1) [c:/Users/chenyueq/ece532_project/ece532_project.srcs/sources_1/bd/design_1/ipshared/9b1f/hdl/mii_to_rmii_v2_0_vh_rfs.vhd:4218]
INFO: [Synth 8-256] done synthesizing module 'design_1_mii_to_rmii_0_0' (10#1) [c:/Users/chenyueq/ece532_project/ece532_project.srcs/sources_1/bd/design_1/ip/design_1_mii_to_rmii_0_0/synth/design_1_mii_to_rmii_0_0.vhd:81]
Finished RTL Elaboration : Time (s): cpu = 00:00:04 ; elapsed = 00:00:04 . Memory (MB): peak = 426.223 ; gain = 123.445
Finished RTL Optimization Phase 1 : Time (s): cpu = 00:00:04 ; elapsed = 00:00:05 . Memory (MB): peak = 426.223 ; gain = 123.445
INFO: [Device 21-403] Loading part xc7a100tcsg324-1
Constraint Validation Runtime : Time (s): cpu = 00:00:00 ; elapsed = 00:00:00.022 . Memory (MB): peak = 733.238 ; gain = 0.000
Finished Constraint Validation : Time (s): cpu = 00:00:12 ; elapsed = 00:00:18 . Memory (MB): peak = 733.238 ; gain = 430.461
Finished Loading Part and Timing Information : Time (s): cpu = 00:00:12 ; elapsed = 00:00:18 . Memory (MB): peak = 733.238 ; gain = 430.461
Finished applying 'set_property' XDC Constraints : Time (s): cpu = 00:00:12 ; elapsed = 00:00:18 . Memory (MB): peak = 733.238 ; gain = 430.461
Finished RTL Optimization Phase 2 : Time (s): cpu = 00:00:13 ; elapsed = 00:00:19 . Memory (MB): peak = 733.238 ; gain = 430.461
Finished Cross Boundary and Area Optimization : Time (s): cpu = 00:00:13 ; elapsed = 00:00:19 . Memory (MB): peak = 733.238 ; gain = 430.461
Finished Applying XDC Timing Constraints : Time (s): cpu = 00:00:25 ; elapsed = 00:00:31 . Memory (MB): peak = 733.238 ; gain = 430.461
Finished Timing Optimization : Time (s): cpu = 00:00:25 ; elapsed = 00:00:31 . Memory (MB): peak = 733.238 ; gain = 430.461
Finished Technology Mapping : Time (s): cpu = 00:00:25 ; elapsed = 00:00:32 . Memory (MB): peak = 733.238 ; gain = 430.461
Finished IO Insertion : Time (s): cpu = 00:00:26 ; elapsed = 00:00:32 . Memory (MB): peak = 733.238 ; gain = 430.461
Finished Renaming Generated Instances : Time (s): cpu = 00:00:26 ; elapsed = 00:00:32 . Memory (MB): peak = 733.238 ; gain = 430.461
Finished Rebuilding User Hierarchy : Time (s): cpu = 00:00:26 ; elapsed = 00:00:32 . Memory (MB): peak = 733.238 ; gain = 430.461
Finished Renaming Generated Ports : Time (s): cpu = 00:00:26 ; elapsed = 00:00:32 . Memory (MB): peak = 733.238 ; gain = 430.461
Finished Handling Custom Attributes : Time (s): cpu = 00:00:26 ; elapsed = 00:00:32 . Memory (MB): peak = 733.238 ; gain = 430.461
Finished Renaming Generated Nets : Time (s): cpu = 00:00:26 ; elapsed = 00:00:32 . Memory (MB): peak = 733.238 ; gain = 430.461

Report Cell Usage: 
+------+--------+------+
|      |Cell    |Count |
+------+--------+------+
|1     |LUT1    |     2|
|2     |LUT2    |     6|
|3     |LUT3    |     4|
|4     |LUT4    |     5|
|5     |LUT5    |    10|
|6     |LUT6    |     8|
|7     |MUXCY_L |     3|
|8     |SRL16E  |     4|
|9     |XORCY   |     4|
|10    |FDR     |     1|
|11    |FDRE    |    83|
+------+--------+------+
Finished Writing Synthesis Report : Time (s): cpu = 00:00:26 ; elapsed = 00:00:32 . Memory (MB): peak = 733.238 ; gain = 430.461
synth_design: Time (s): cpu = 00:00:28 ; elapsed = 00:00:34 . Memory (MB): peak = 733.238 ; gain = 438.219
